<?xml version="1.0" encoding="UTF-8"?>
<testsuite xmlns:xsi="http://www.w3.org/2001/XMLSchema-instance" xsi:noNamespaceSchemaLocation="https://maven.apache.org/surefire/maven-surefire-plugin/xsd/surefire-test-report.xsd" name="com.shanjupay.merchant.RestTemplateTest" time="12.541" tests="2" errors="2" skipped="0" failures="0">
  <properties>
[...]
</properties>
  <testcase name="testGetSmsCode" classname="com.shanjupay.merchant.RestTemplateTest" time="0.001">
    <error message="Failed to load ApplicationContext" type="java.lang.IllegalStateException">java.lang.IllegalStateException: Failed to load ApplicationContext
Caused by: org.springframework.beans.factory.UnsatisfiedDependencyException: Error creating bean with name 'merchantController': Unsatisfied dependency expressed through field 'smsService'; nested exception is org.springframework.beans.factory.BeanCreationException: Error creating bean with name 'smsServiceImpl': Injection of autowired dependencies failed; nested exception is java.lang.IllegalArgumentException: Could not resolve placeholder 'sms.url' in value "${sms.url}"
Caused by: org.springframework.beans.factory.BeanCreationException: Error creating bean with name 'smsServiceImpl': Injection of autowired dependencies failed; nested exception is java.lang.IllegalArgumentException: Could not resolve placeholder 'sms.url' in value "${sms.url}"
Caused by: java.lang.IllegalArgumentException: Could not resolve placeholder 'sms.url' in value "${sms.url}"
</error>
    <system-out><![CDATA[[shanjupay-merchant-application][${env:SERVER_PORT}] 2020-05-27 02:21:55,811 INFO [main][AbstractTestContextBootstrapper.java:308] - Neither @ContextConfiguration nor @ContextHierarchy found for test class [com.shanjupay.merchant.RestTemplateTest], using SpringBootContextLoader
[shanjupay-merchant-application][${env:SERVER_PORT}] 2020-05-27 02:21:55,822 INFO [main][AbstractContextLoader.java:264] - Could not detect default resource locations for test class [com.shanjupay.merchant.RestTemplateTest]: no resource found for suffixes {-context.xml, Context.groovy}.
[shanjupay-merchant-application][${env:SERVER_PORT}] 2020-05-27 02:21:55,823 INFO [main][AnnotationConfigContextLoaderUtils.java:83] - Could not detect default configuration classes for test class [com.shanjupay.merchant.RestTemplateTest]: RestTemplateTest does not declare any static, non-private, non-final, nested classes annotated with @Configuration.
[shanjupay-merchant-application][${env:SERVER_PORT}] 2020-05-27 02:21:55,922 INFO [main][SpringBootTestContextBootstrapper.java:247] - Found @SpringBootConfiguration com.shanjupay.merchant.MerchantApplicationBootstrap for test class com.shanjupay.merchant.RestTemplateTest
[shanjupay-merchant-application][${env:SERVER_PORT}] 2020-05-27 02:21:56,008 INFO [main][AbstractTestContextBootstrapper.java:248] - Loaded default TestExecutionListener class names from location [META-INF/spring.factories]: [org.springframework.boot.test.mock.mockito.MockitoTestExecutionListener, org.springframework.boot.test.mock.mockito.ResetMocksTestExecutionListener, org.springframework.boot.test.autoconfigure.restdocs.RestDocsTestExecutionListener, org.springframework.boot.test.autoconfigure.web.client.MockRestServiceServerResetTestExecutionListener, org.springframework.boot.test.autoconfigure.web.servlet.MockMvcPrintOnlyOnFailureTestExecutionListener, org.springframework.boot.test.autoconfigure.web.servlet.WebDriverTestExecutionListener, org.springframework.test.context.web.ServletTestExecutionListener, org.springframework.test.context.support.DirtiesContextBeforeModesTestExecutionListener, org.springframework.test.context.support.DependencyInjectionTestExecutionListener, org.springframework.test.context.support.DirtiesContextTestExecutionListener, org.springframework.test.context.transaction.TransactionalTestExecutionListener, org.springframework.test.context.jdbc.SqlScriptsTestExecutionListener]
[shanjupay-merchant-application][${env:SERVER_PORT}] 2020-05-27 02:21:56,023 INFO [main][AbstractTestContextBootstrapper.java:177] - Using TestExecutionListeners: [org.springframework.test.context.web.ServletTestExecutionListener@3eb91815, org.springframework.test.context.support.DirtiesContextBeforeModesTestExecutionListener@56dc1551, org.springframework.boot.test.mock.mockito.MockitoTestExecutionListener@102cec62, org.springframework.boot.test.autoconfigure.SpringBootDependencyInjectionTestExecutionListener@74f6c5d8, org.springframework.test.context.support.DirtiesContextTestExecutionListener@27912e3, org.springframework.boot.test.mock.mockito.ResetMocksTestExecutionListener@34b9f960, org.springframework.boot.test.autoconfigure.restdocs.RestDocsTestExecutionListener@43015c69, org.springframework.boot.test.autoconfigure.web.client.MockRestServiceServerResetTestExecutionListener@19b89d4, org.springframework.boot.test.autoconfigure.web.servlet.MockMvcPrintOnlyOnFailureTestExecutionListener@4bbf6d0e, org.springframework.boot.test.autoconfigure.web.servlet.WebDriverTestExecutionListener@30b6ffe0]
[shanjupay-merchant-application][${env:SERVER_PORT}] 2020-05-27 02:21:56,833 INFO [main][:] - using logger: org.apache.dubbo.common.logger.slf4j.Slf4jLoggerAdapter
[shanjupay-merchant-application][${env:SERVER_PORT}] 2020-05-27 02:21:56,838 INFO [main][WelcomeLogoApplicationListener.java:63] - 

 :: Dubbo Spring Boot (v2.7.1) : https://github.com/apache/incubator-dubbo-spring-boot-project
 :: Dubbo (v2.7.3) : https://github.com/apache/incubator-dubbo
 :: Discuss group : dev@dubbo.apache.org

[shanjupay-merchant-application][${env:SERVER_PORT}] 2020-05-27 02:21:56,843 INFO [main][OverrideDubboConfigApplicationListener.java:68] - Dubbo Config was overridden by externalized configuration {dubbo.application.name=merchant-application, dubbo.application.qos-enable=false, dubbo.application.qos.port=22310, dubbo.config.multiple=true, dubbo.consumer.check=false, dubbo.consumer.retries=-1, dubbo.consumer.timeout=3000, dubbo.protocol.name=dubbo, dubbo.protocol.port=20891, dubbo.registry.address=nacos://192.168.31.141:8848, dubbo.scan.base-packages=com.shanjupay}
[shanjupay-merchant-application][${env:SERVER_PORT}] 2020-05-27 02:21:57,258 INFO [main][PostProcessorRegistrationDelegate.java:330] - Bean 'org.springframework.cloud.autoconfigure.ConfigurationPropertiesRebinderAutoConfiguration' of type [org.springframework.cloud.autoconfigure.ConfigurationPropertiesRebinderAutoConfiguration$$EnhancerBySpringCGLIB$$ecde6cf0] is not eligible for getting processed by all BeanPostProcessors (for example: not eligible for auto-proxying)
[shanjupay-merchant-application][${env:SERVER_PORT}] 2020-05-27 02:21:57,348 INFO [pool-3-thread-1][AwaitingNonWebApplicationListener.java:140] -  [Dubbo] Current Spring Boot Application is await...
[shanjupay-merchant-application][${env:SERVER_PORT}] 2020-05-27 02:21:57,822 INFO [main][OverrideDubboConfigApplicationListener.java:68] - Dubbo Config was overridden by externalized configuration {dubbo.application.name=merchant-application, dubbo.application.qos-enable=false, dubbo.application.qos.port=22310, dubbo.config.multiple=true, dubbo.consumer.check=false, dubbo.consumer.retries=-1, dubbo.consumer.timeout=3000, dubbo.protocol.name=dubbo, dubbo.protocol.port=20891, dubbo.registry.address=nacos://192.168.31.141:8848, dubbo.scan.base-packages=com.shanjupay}

  .   ____          _            __ _ _
 /\\ / ___'_ __ _ _(_)_ __  __ _ \ \ \ \
( ( )\___ | '_ | '_| | '_ \/ _` | \ \ \ \
 \\/  ___)| |_)| | | | | || (_| |  ) ) ) )
  '  |____| .__|_| |_|_| |_\__, | / / / /
 =========|_|==============|___/=/_/_/_/
 :: Spring Boot ::        (v2.1.3.RELEASE)

[shanjupay-merchant-application][${env:SERVER_PORT}] 2020-05-27 02:21:58,299 INFO [main][NacosPropertySourceBuilder.java:87] - Loading nacos data, dataId: 'spring-boot-http.yaml', group: 'COMMON_GROUP'
[shanjupay-merchant-application][${env:SERVER_PORT}] 2020-05-27 02:21:58,303 ERROR [main][NacosPropertySourceBuilder.java:109] - parse data from Nacos error,dataId:spring-boot-http.yaml,data:#HTTP格式配置
spring:
    http:
       encoding:
          charset: UTF-8
          force: true
          enabled: true
    messages:
       encoding: UTF-8
#tomcat头信息(用户ip和访问协议)及访问路径配置
server:
    tomcat:
       remote_ip_header: x‐forwarded‐for
       protocol_header: x‐forwarded‐proto
    servlet:
       context‐path: /
       use‐forward‐headers: true
#服务监控与管理配置，运维相关
management:
   endpoints:
       web:
         exposure:
            include: refresh,health,info,env  
#SpringMVC上传文件配置
servlet:
   multipart:
      #默认支持文件上传.
      enabled: true
      #支持文件写入磁盘.
      file-size-threshold: 0
      # 上传文件的临时目录
      location:
      # 最大支持文件大小
      max-file-size: 1MB
      # 最大支持请求大小
      max-request-size: 30MB,
org.yaml.snakeyaml.error.YAMLException: java.nio.charset.MalformedInputException: Input length = 1
	at org.yaml.snakeyaml.reader.StreamReader.update(StreamReader.java:218)
	at org.yaml.snakeyaml.reader.StreamReader.ensureEnoughData(StreamReader.java:176)
	at org.yaml.snakeyaml.reader.StreamReader.ensureEnoughData(StreamReader.java:171)
	at org.yaml.snakeyaml.reader.StreamReader.peek(StreamReader.java:126)
	at org.yaml.snakeyaml.scanner.ScannerImpl.scanToNextToken(ScannerImpl.java:1177)
	at org.yaml.snakeyaml.scanner.ScannerImpl.fetchMoreTokens(ScannerImpl.java:287)
	at org.yaml.snakeyaml.scanner.ScannerImpl.checkToken(ScannerImpl.java:227)
	at org.yaml.snakeyaml.parser.ParserImpl$ParseImplicitDocumentStart.produce(ParserImpl.java:195)
	at org.yaml.snakeyaml.parser.ParserImpl.peekEvent(ParserImpl.java:158)
	at org.yaml.snakeyaml.parser.ParserImpl.checkEvent(ParserImpl.java:148)
	at org.yaml.snakeyaml.composer.Composer.checkNode(Composer.java:72)
	at org.yaml.snakeyaml.constructor.BaseConstructor.checkData(BaseConstructor.java:112)
	at org.yaml.snakeyaml.Yaml$1.hasNext(Yaml.java:542)
	at org.springframework.beans.factory.config.YamlProcessor.process(YamlProcessor.java:161)
	at org.springframework.beans.factory.config.YamlProcessor.process(YamlProcessor.java:134)
	at org.springframework.beans.factory.config.YamlPropertiesFactoryBean.createProperties(YamlPropertiesFactoryBean.java:135)
	at org.springframework.beans.factory.config.YamlPropertiesFactoryBean.getObject(YamlPropertiesFactoryBean.java:115)
	at com.alibaba.cloud.nacos.client.NacosPropertySourceBuilder.loadNacosData(NacosPropertySourceBuilder.java:100)
	at com.alibaba.cloud.nacos.client.NacosPropertySourceBuilder.build(NacosPropertySourceBuilder.java:75)
	at com.alibaba.cloud.nacos.client.NacosPropertySourceLocator.loadNacosDataIfPresent(NacosPropertySourceLocator.java:179)
	at com.alibaba.cloud.nacos.client.NacosPropertySourceLocator.loadExtConfiguration(NacosPropertySourceLocator.java:129)
	at com.alibaba.cloud.nacos.client.NacosPropertySourceLocator.locate(NacosPropertySourceLocator.java:87)
	at org.springframework.cloud.bootstrap.config.PropertySourceBootstrapConfiguration.initialize(PropertySourceBootstrapConfiguration.java:94)
	at org.springframework.boot.SpringApplication.applyInitializers(SpringApplication.java:649)
	at org.springframework.boot.SpringApplication.prepareContext(SpringApplication.java:373)
	at org.springframework.boot.SpringApplication.run(SpringApplication.java:314)
	at org.springframework.boot.test.context.SpringBootContextLoader.loadContext(SpringBootContextLoader.java:127)
	at org.springframework.test.context.cache.DefaultCacheAwareContextLoaderDelegate.loadContextInternal(DefaultCacheAwareContextLoaderDelegate.java:99)
	at org.springframework.test.context.cache.DefaultCacheAwareContextLoaderDelegate.loadContext(DefaultCacheAwareContextLoaderDelegate.java:117)
	at org.springframework.test.context.support.DefaultTestContext.getApplicationContext(DefaultTestContext.java:108)
	at org.springframework.test.context.web.ServletTestExecutionListener.setUpRequestContextIfNecessary(ServletTestExecutionListener.java:190)
	at org.springframework.test.context.web.ServletTestExecutionListener.prepareTestInstance(ServletTestExecutionListener.java:132)
	at org.springframework.test.context.TestContextManager.prepareTestInstance(TestContextManager.java:246)
	at org.springframework.test.context.junit4.SpringJUnit4ClassRunner.createTest(SpringJUnit4ClassRunner.java:227)
	at org.springframework.test.context.junit4.SpringJUnit4ClassRunner$1.runReflectiveCall(SpringJUnit4ClassRunner.java:289)
	at org.junit.internal.runners.model.ReflectiveCallable.run(ReflectiveCallable.java:12)
	at org.springframework.test.context.junit4.SpringJUnit4ClassRunner.methodBlock(SpringJUnit4ClassRunner.java:291)
	at org.springframework.test.context.junit4.SpringJUnit4ClassRunner.runChild(SpringJUnit4ClassRunner.java:246)
	at org.springframework.test.context.junit4.SpringJUnit4ClassRunner.runChild(SpringJUnit4ClassRunner.java:97)
	at org.junit.runners.ParentRunner$3.run(ParentRunner.java:290)
	at org.junit.runners.ParentRunner$1.schedule(ParentRunner.java:71)
	at org.junit.runners.ParentRunner.runChildren(ParentRunner.java:288)
	at org.junit.runners.ParentRunner.access$000(ParentRunner.java:58)
	at org.junit.runners.ParentRunner$2.evaluate(ParentRunner.java:268)
	at org.springframework.test.context.junit4.statements.RunBeforeTestClassCallbacks.evaluate(RunBeforeTestClassCallbacks.java:61)
	at org.springframework.test.context.junit4.statements.RunAfterTestClassCallbacks.evaluate(RunAfterTestClassCallbacks.java:70)
	at org.junit.runners.ParentRunner.run(ParentRunner.java:363)
	at org.springframework.test.context.junit4.SpringJUnit4ClassRunner.run(SpringJUnit4ClassRunner.java:190)
	at org.apache.maven.surefire.junit4.JUnit4Provider.execute(JUnit4Provider.java:365)
	at org.apache.maven.surefire.junit4.JUnit4Provider.executeWithRerun(JUnit4Provider.java:273)
	at org.apache.maven.surefire.junit4.JUnit4Provider.executeTestSet(JUnit4Provider.java:238)
	at org.apache.maven.surefire.junit4.JUnit4Provider.invoke(JUnit4Provider.java:159)
	at org.apache.maven.surefire.booter.ForkedBooter.invokeProviderInSameClassLoader(ForkedBooter.java:384)
	at org.apache.maven.surefire.booter.ForkedBooter.runSuitesInProcess(ForkedBooter.java:345)
	at org.apache.maven.surefire.booter.ForkedBooter.execute(ForkedBooter.java:126)
	at org.apache.maven.surefire.booter.ForkedBooter.main(ForkedBooter.java:418)
Caused by: java.nio.charset.MalformedInputException: Input length = 1
	at java.nio.charset.CoderResult.throwException(CoderResult.java:281)
	at sun.nio.cs.StreamDecoder.implRead(StreamDecoder.java:339)
	at sun.nio.cs.StreamDecoder.read(StreamDecoder.java:178)
	at java.io.InputStreamReader.read(InputStreamReader.java:184)
	at org.yaml.snakeyaml.reader.UnicodeReader.read(UnicodeReader.java:125)
	at org.yaml.snakeyaml.reader.StreamReader.update(StreamReader.java:183)
	... 55 more
[shanjupay-merchant-application][${env:SERVER_PORT}] 2020-05-27 02:21:58,332 INFO [main][NacosPropertySourceBuilder.java:87] - Loading nacos data, dataId: 'merchant-application.yaml', group: 'SHANJUPAY_GROUP'
[shanjupay-merchant-application][${env:SERVER_PORT}] 2020-05-27 02:21:58,333 ERROR [main][NacosPropertySourceBuilder.java:109] - parse data from Nacos error,dataId:merchant-application.yaml,data:#覆盖访问路径
server:
    servlet:
         context‐path: /merchant
#启用Swagger
swagger:
    enable: true
sms:
    url: "http://localhost:56085/sailing"
    effectiveTime: 600
oss:
    qiniu:
        url: "http://qaw6171v4.bkt.clouddn.com/"
        accessKey: "u6FXi3fj1IKG44GKjgB0-9ln1boGsZtrbXOVNhBx"
        secretKey: "AEsQF9m2b_gTwDDkNa2OQRBQaBvVJsED9Y24Fngd"
        bucket: "shanfupay-m1",
org.yaml.snakeyaml.error.YAMLException: java.nio.charset.MalformedInputException: Input length = 1
	at org.yaml.snakeyaml.reader.StreamReader.update(StreamReader.java:218)
	at org.yaml.snakeyaml.reader.StreamReader.ensureEnoughData(StreamReader.java:176)
	at org.yaml.snakeyaml.reader.StreamReader.ensureEnoughData(StreamReader.java:171)
	at org.yaml.snakeyaml.reader.StreamReader.peek(StreamReader.java:126)
	at org.yaml.snakeyaml.scanner.ScannerImpl.scanToNextToken(ScannerImpl.java:1177)
	at org.yaml.snakeyaml.scanner.ScannerImpl.fetchMoreTokens(ScannerImpl.java:287)
	at org.yaml.snakeyaml.scanner.ScannerImpl.checkToken(ScannerImpl.java:227)
	at org.yaml.snakeyaml.parser.ParserImpl$ParseImplicitDocumentStart.produce(ParserImpl.java:195)
	at org.yaml.snakeyaml.parser.ParserImpl.peekEvent(ParserImpl.java:158)
	at org.yaml.snakeyaml.parser.ParserImpl.checkEvent(ParserImpl.java:148)
	at org.yaml.snakeyaml.composer.Composer.checkNode(Composer.java:72)
	at org.yaml.snakeyaml.constructor.BaseConstructor.checkData(BaseConstructor.java:112)
	at org.yaml.snakeyaml.Yaml$1.hasNext(Yaml.java:542)
	at org.springframework.beans.factory.config.YamlProcessor.process(YamlProcessor.java:161)
	at org.springframework.beans.factory.config.YamlProcessor.process(YamlProcessor.java:134)
	at org.springframework.beans.factory.config.YamlPropertiesFactoryBean.createProperties(YamlPropertiesFactoryBean.java:135)
	at org.springframework.beans.factory.config.YamlPropertiesFactoryBean.getObject(YamlPropertiesFactoryBean.java:115)
	at com.alibaba.cloud.nacos.client.NacosPropertySourceBuilder.loadNacosData(NacosPropertySourceBuilder.java:100)
	at com.alibaba.cloud.nacos.client.NacosPropertySourceBuilder.build(NacosPropertySourceBuilder.java:75)
	at com.alibaba.cloud.nacos.client.NacosPropertySourceLocator.loadNacosDataIfPresent(NacosPropertySourceLocator.java:179)
	at com.alibaba.cloud.nacos.client.NacosPropertySourceLocator.loadApplicationConfiguration(NacosPropertySourceLocator.java:155)
	at com.alibaba.cloud.nacos.client.NacosPropertySourceLocator.locate(NacosPropertySourceLocator.java:88)
	at org.springframework.cloud.bootstrap.config.PropertySourceBootstrapConfiguration.initialize(PropertySourceBootstrapConfiguration.java:94)
	at org.springframework.boot.SpringApplication.applyInitializers(SpringApplication.java:649)
	at org.springframework.boot.SpringApplication.prepareContext(SpringApplication.java:373)
	at org.springframework.boot.SpringApplication.run(SpringApplication.java:314)
	at org.springframework.boot.test.context.SpringBootContextLoader.loadContext(SpringBootContextLoader.java:127)
	at org.springframework.test.context.cache.DefaultCacheAwareContextLoaderDelegate.loadContextInternal(DefaultCacheAwareContextLoaderDelegate.java:99)
	at org.springframework.test.context.cache.DefaultCacheAwareContextLoaderDelegate.loadContext(DefaultCacheAwareContextLoaderDelegate.java:117)
	at org.springframework.test.context.support.DefaultTestContext.getApplicationContext(DefaultTestContext.java:108)
	at org.springframework.test.context.web.ServletTestExecutionListener.setUpRequestContextIfNecessary(ServletTestExecutionListener.java:190)
	at org.springframework.test.context.web.ServletTestExecutionListener.prepareTestInstance(ServletTestExecutionListener.java:132)
	at org.springframework.test.context.TestContextManager.prepareTestInstance(TestContextManager.java:246)
	at org.springframework.test.context.junit4.SpringJUnit4ClassRunner.createTest(SpringJUnit4ClassRunner.java:227)
	at org.springframework.test.context.junit4.SpringJUnit4ClassRunner$1.runReflectiveCall(SpringJUnit4ClassRunner.java:289)
	at org.junit.internal.runners.model.ReflectiveCallable.run(ReflectiveCallable.java:12)
	at org.springframework.test.context.junit4.SpringJUnit4ClassRunner.methodBlock(SpringJUnit4ClassRunner.java:291)
	at org.springframework.test.context.junit4.SpringJUnit4ClassRunner.runChild(SpringJUnit4ClassRunner.java:246)
	at org.springframework.test.context.junit4.SpringJUnit4ClassRunner.runChild(SpringJUnit4ClassRunner.java:97)
	at org.junit.runners.ParentRunner$3.run(ParentRunner.java:290)
	at org.junit.runners.ParentRunner$1.schedule(ParentRunner.java:71)
	at org.junit.runners.ParentRunner.runChildren(ParentRunner.java:288)
	at org.junit.runners.ParentRunner.access$000(ParentRunner.java:58)
	at org.junit.runners.ParentRunner$2.evaluate(ParentRunner.java:268)
	at org.springframework.test.context.junit4.statements.RunBeforeTestClassCallbacks.evaluate(RunBeforeTestClassCallbacks.java:61)
	at org.springframework.test.context.junit4.statements.RunAfterTestClassCallbacks.evaluate(RunAfterTestClassCallbacks.java:70)
	at org.junit.runners.ParentRunner.run(ParentRunner.java:363)
	at org.springframework.test.context.junit4.SpringJUnit4ClassRunner.run(SpringJUnit4ClassRunner.java:190)
	at org.apache.maven.surefire.junit4.JUnit4Provider.execute(JUnit4Provider.java:365)
	at org.apache.maven.surefire.junit4.JUnit4Provider.executeWithRerun(JUnit4Provider.java:273)
	at org.apache.maven.surefire.junit4.JUnit4Provider.executeTestSet(JUnit4Provider.java:238)
	at org.apache.maven.surefire.junit4.JUnit4Provider.invoke(JUnit4Provider.java:159)
	at org.apache.maven.surefire.booter.ForkedBooter.invokeProviderInSameClassLoader(ForkedBooter.java:384)
	at org.apache.maven.surefire.booter.ForkedBooter.runSuitesInProcess(ForkedBooter.java:345)
	at org.apache.maven.surefire.booter.ForkedBooter.execute(ForkedBooter.java:126)
	at org.apache.maven.surefire.booter.ForkedBooter.main(ForkedBooter.java:418)
Caused by: java.nio.charset.MalformedInputException: Input length = 1
	at java.nio.charset.CoderResult.throwException(CoderResult.java:281)
	at sun.nio.cs.StreamDecoder.implRead(StreamDecoder.java:339)
	at sun.nio.cs.StreamDecoder.read(StreamDecoder.java:178)
	at java.io.InputStreamReader.read(InputStreamReader.java:184)
	at org.yaml.snakeyaml.reader.UnicodeReader.read(UnicodeReader.java:125)
	at org.yaml.snakeyaml.reader.StreamReader.update(StreamReader.java:183)
	... 55 more
[shanjupay-merchant-application][${env:SERVER_PORT}] 2020-05-27 02:21:58,336 INFO [main][PropertySourceBootstrapConfiguration.java:98] - Located property source: CompositePropertySource {name='NACOS', propertySources=[NacosPropertySource {name='merchant-application.yaml'}, NacosPropertySource {name='spring-boot-http.yaml'}]}
[shanjupay-merchant-application][${env:SERVER_PORT}] 2020-05-27 02:21:58,790 INFO [main][SpringApplication.java:675] - No active profile set, falling back to default profiles: default
[shanjupay-merchant-application][${env:SERVER_PORT}] 2020-05-27 02:21:59,583 WARN [main][EndpointId.java:135] - Endpoint ID 'nacos-config' contains invalid characters, please migrate to a valid format.
[shanjupay-merchant-application][${env:SERVER_PORT}] 2020-05-27 02:21:59,587 WARN [main][EndpointId.java:135] - Endpoint ID 'nacos-discovery' contains invalid characters, please migrate to a valid format.
[shanjupay-merchant-application][${env:SERVER_PORT}] 2020-05-27 02:21:59,601 INFO [main][DubboConfigBindingRegistrar.java:127] - The dubbo config bean definition [name : org.apache.dubbo.config.ApplicationConfig#0, class : org.apache.dubbo.config.ApplicationConfig] has been registered.
[shanjupay-merchant-application][${env:SERVER_PORT}] 2020-05-27 02:21:59,602 INFO [main][DubboConfigBindingRegistrar.java:151] - The BeanPostProcessor bean definition [org.apache.dubbo.config.spring.beans.factory.annotation.DubboConfigBindingBeanPostProcessor] for dubbo config bean [name : org.apache.dubbo.config.ApplicationConfig#0] has been registered.
[shanjupay-merchant-application][${env:SERVER_PORT}] 2020-05-27 02:21:59,603 INFO [main][DubboConfigBindingRegistrar.java:127] - The dubbo config bean definition [name : org.apache.dubbo.config.RegistryConfig#0, class : org.apache.dubbo.config.RegistryConfig] has been registered.
[shanjupay-merchant-application][${env:SERVER_PORT}] 2020-05-27 02:21:59,604 INFO [main][DubboConfigBindingRegistrar.java:151] - The BeanPostProcessor bean definition [org.apache.dubbo.config.spring.beans.factory.annotation.DubboConfigBindingBeanPostProcessor] for dubbo config bean [name : org.apache.dubbo.config.RegistryConfig#0] has been registered.
[shanjupay-merchant-application][${env:SERVER_PORT}] 2020-05-27 02:21:59,605 INFO [main][DubboConfigBindingRegistrar.java:127] - The dubbo config bean definition [name : org.apache.dubbo.config.ProtocolConfig#0, class : org.apache.dubbo.config.ProtocolConfig] has been registered.
[shanjupay-merchant-application][${env:SERVER_PORT}] 2020-05-27 02:21:59,606 INFO [main][DubboConfigBindingRegistrar.java:151] - The BeanPostProcessor bean definition [org.apache.dubbo.config.spring.beans.factory.annotation.DubboConfigBindingBeanPostProcessor] for dubbo config bean [name : org.apache.dubbo.config.ProtocolConfig#0] has been registered.
[shanjupay-merchant-application][${env:SERVER_PORT}] 2020-05-27 02:21:59,607 INFO [main][DubboConfigBindingRegistrar.java:127] - The dubbo config bean definition [name : org.apache.dubbo.config.ConsumerConfig#0, class : org.apache.dubbo.config.ConsumerConfig] has been registered.
[shanjupay-merchant-application][${env:SERVER_PORT}] 2020-05-27 02:21:59,609 INFO [main][DubboConfigBindingRegistrar.java:151] - The BeanPostProcessor bean definition [org.apache.dubbo.config.spring.beans.factory.annotation.DubboConfigBindingBeanPostProcessor] for dubbo config bean [name : org.apache.dubbo.config.ConsumerConfig#0] has been registered.
[shanjupay-merchant-application][${env:SERVER_PORT}] 2020-05-27 02:21:59,891 WARN [main][EndpointId.java:135] - Endpoint ID 'service-registry' contains invalid characters, please migrate to a valid format.
[shanjupay-merchant-application][${env:SERVER_PORT}] 2020-05-27 02:21:59,959 INFO [main][ServiceAnnotationBeanPostProcessor.java:204] -  [DUBBO] BeanNameGenerator bean can't be found in BeanFactory with name [org.springframework.context.annotation.internalConfigurationBeanNameGenerator], dubbo version: 2.7.3, current host: 192.168.31.21
[shanjupay-merchant-application][${env:SERVER_PORT}] 2020-05-27 02:21:59,959 INFO [main][ServiceAnnotationBeanPostProcessor.java:206] -  [DUBBO] BeanNameGenerator will be a instance of org.springframework.context.annotation.AnnotationBeanNameGenerator , it maybe a potential problem on bean name generation., dubbo version: 2.7.3, current host: 192.168.31.21
[shanjupay-merchant-application][${env:SERVER_PORT}] 2020-05-27 02:21:59,978 WARN [main][ServiceAnnotationBeanPostProcessor.java:169] -  [DUBBO] No Spring Bean annotating Dubbo's @Service was found under package[com.shanjupay], dubbo version: 2.7.3, current host: 192.168.31.21
[shanjupay-merchant-application][${env:SERVER_PORT}] 2020-05-27 02:21:59,981 INFO [main][ConfigurationClassPostProcessor.java:380] - Cannot enhance @Configuration bean definition 'org.apache.dubbo.spring.boot.autoconfigure.DubboRelaxedBinding2AutoConfiguration' since its singleton instance has been created too early. The typical cause is a non-static @Bean method with a BeanDefinitionRegistryPostProcessor return type: Consider declaring such methods as 'static'.
[shanjupay-merchant-application][${env:SERVER_PORT}] 2020-05-27 02:21:59,982 INFO [main][ConfigurationClassPostProcessor.java:380] - Cannot enhance @Configuration bean definition 'org.apache.dubbo.spring.boot.autoconfigure.DubboAutoConfiguration' since its singleton instance has been created too early. The typical cause is a non-static @Bean method with a BeanDefinitionRegistryPostProcessor return type: Consider declaring such methods as 'static'.
[shanjupay-merchant-application][${env:SERVER_PORT}] 2020-05-27 02:22:00,207 INFO [main][GenericScope.java:294] - BeanFactory id=f9807c37-2043-327a-a47c-7a47600978fb
[shanjupay-merchant-application][${env:SERVER_PORT}] 2020-05-27 02:22:00,420 INFO [main][PostProcessorRegistrationDelegate.java:330] - Bean 'com.alibaba.cloud.dubbo.autoconfigure.DubboOpenFeignAutoConfiguration' of type [com.alibaba.cloud.dubbo.autoconfigure.DubboOpenFeignAutoConfiguration$$EnhancerBySpringCGLIB$$5485b8f7] is not eligible for getting processed by all BeanPostProcessors (for example: not eligible for auto-proxying)
[shanjupay-merchant-application][${env:SERVER_PORT}] 2020-05-27 02:22:00,517 INFO [main][PostProcessorRegistrationDelegate.java:330] - Bean 'dubbo.cloud-com.alibaba.cloud.dubbo.env.DubboCloudProperties' of type [com.alibaba.cloud.dubbo.env.DubboCloudProperties] is not eligible for getting processed by all BeanPostProcessors (for example: not eligible for auto-proxying)
[shanjupay-merchant-application][${env:SERVER_PORT}] 2020-05-27 02:22:00,534 INFO [main][PostProcessorRegistrationDelegate.java:330] - Bean 'metadataJsonResolver' of type [com.alibaba.cloud.dubbo.metadata.resolver.DubboServiceBeanMetadataResolver] is not eligible for getting processed by all BeanPostProcessors (for example: not eligible for auto-proxying)
[shanjupay-merchant-application][${env:SERVER_PORT}] 2020-05-27 02:22:00,544 INFO [main][PostProcessorRegistrationDelegate.java:330] - Bean 'org.apache.dubbo.config.ApplicationConfig#0' of type [org.apache.dubbo.config.ApplicationConfig] is not eligible for getting processed by all BeanPostProcessors (for example: not eligible for auto-proxying)
[shanjupay-merchant-application][${env:SERVER_PORT}] 2020-05-27 02:22:00,549 INFO [main][PostProcessorRegistrationDelegate.java:330] - Bean 'dubboProtocolConfigSupplier' of type [com.alibaba.cloud.dubbo.metadata.DubboProtocolConfigSupplier] is not eligible for getting processed by all BeanPostProcessors (for example: not eligible for auto-proxying)
[shanjupay-merchant-application][${env:SERVER_PORT}] 2020-05-27 02:22:00,551 INFO [main][PostProcessorRegistrationDelegate.java:330] - Bean 'com.alibaba.cloud.dubbo.service.DubboMetadataServiceExporter' of type [com.alibaba.cloud.dubbo.service.DubboMetadataServiceExporter] is not eligible for getting processed by all BeanPostProcessors (for example: not eligible for auto-proxying)
[shanjupay-merchant-application][${env:SERVER_PORT}] 2020-05-27 02:22:00,552 INFO [main][PostProcessorRegistrationDelegate.java:330] - Bean 'com.alibaba.cloud.dubbo.autoconfigure.DubboMetadataAutoConfiguration' of type [com.alibaba.cloud.dubbo.autoconfigure.DubboMetadataAutoConfiguration$$EnhancerBySpringCGLIB$$c6c55571] is not eligible for getting processed by all BeanPostProcessors (for example: not eligible for auto-proxying)
[shanjupay-merchant-application][${env:SERVER_PORT}] 2020-05-27 02:22:00,558 INFO [main][PostProcessorRegistrationDelegate.java:330] - Bean 'com.alibaba.cloud.dubbo.autoconfigure.DubboServiceAutoConfiguration' of type [com.alibaba.cloud.dubbo.autoconfigure.DubboServiceAutoConfiguration$$EnhancerBySpringCGLIB$$596f5dc9] is not eligible for getting processed by all BeanPostProcessors (for example: not eligible for auto-proxying)
[shanjupay-merchant-application][${env:SERVER_PORT}] 2020-05-27 02:22:00,566 INFO [main][PostProcessorRegistrationDelegate.java:330] - Bean 'dubboGenericServiceFactory' of type [com.alibaba.cloud.dubbo.service.DubboGenericServiceFactory] is not eligible for getting processed by all BeanPostProcessors (for example: not eligible for auto-proxying)
[shanjupay-merchant-application][${env:SERVER_PORT}] 2020-05-27 02:22:00,571 INFO [main][PostProcessorRegistrationDelegate.java:330] - Bean 'dubboMetadataConfigServiceProxy' of type [com.alibaba.cloud.dubbo.service.DubboMetadataServiceProxy] is not eligible for getting processed by all BeanPostProcessors (for example: not eligible for auto-proxying)
[shanjupay-merchant-application][${env:SERVER_PORT}] 2020-05-27 02:22:00,578 INFO [main][PostProcessorRegistrationDelegate.java:330] - Bean 'org.springframework.cloud.client.discovery.composite.CompositeDiscoveryClientAutoConfiguration' of type [org.springframework.cloud.client.discovery.composite.CompositeDiscoveryClientAutoConfiguration$$EnhancerBySpringCGLIB$$19b49783] is not eligible for getting processed by all BeanPostProcessors (for example: not eligible for auto-proxying)
[shanjupay-merchant-application][${env:SERVER_PORT}] 2020-05-27 02:22:00,587 INFO [main][PostProcessorRegistrationDelegate.java:330] - Bean 'com.alibaba.cloud.nacos.discovery.NacosDiscoveryClientAutoConfiguration' of type [com.alibaba.cloud.nacos.discovery.NacosDiscoveryClientAutoConfiguration$$EnhancerBySpringCGLIB$$d7fa048] is not eligible for getting processed by all BeanPostProcessors (for example: not eligible for auto-proxying)
[shanjupay-merchant-application][${env:SERVER_PORT}] 2020-05-27 02:22:00,610 INFO [main][PostProcessorRegistrationDelegate.java:330] - Bean 'org.springframework.cloud.commons.util.UtilAutoConfiguration' of type [org.springframework.cloud.commons.util.UtilAutoConfiguration$$EnhancerBySpringCGLIB$$98723377] is not eligible for getting processed by all BeanPostProcessors (for example: not eligible for auto-proxying)
[shanjupay-merchant-application][${env:SERVER_PORT}] 2020-05-27 02:22:00,620 INFO [main][PostProcessorRegistrationDelegate.java:330] - Bean 'inetUtilsProperties' of type [org.springframework.cloud.commons.util.InetUtilsProperties] is not eligible for getting processed by all BeanPostProcessors (for example: not eligible for auto-proxying)
[shanjupay-merchant-application][${env:SERVER_PORT}] 2020-05-27 02:22:00,625 INFO [main][PostProcessorRegistrationDelegate.java:330] - Bean 'inetUtils' of type [org.springframework.cloud.commons.util.InetUtils] is not eligible for getting processed by all BeanPostProcessors (for example: not eligible for auto-proxying)
[shanjupay-merchant-application][${env:SERVER_PORT}] 2020-05-27 02:22:01,109 INFO [main][PostProcessorRegistrationDelegate.java:330] - Bean 'nacosProperties' of type [com.alibaba.cloud.nacos.NacosDiscoveryProperties] is not eligible for getting processed by all BeanPostProcessors (for example: not eligible for auto-proxying)
[shanjupay-merchant-application][${env:SERVER_PORT}] 2020-05-27 02:22:01,114 INFO [main][PostProcessorRegistrationDelegate.java:330] - Bean 'nacosDiscoveryClient' of type [com.alibaba.cloud.nacos.discovery.NacosDiscoveryClient] is not eligible for getting processed by all BeanPostProcessors (for example: not eligible for auto-proxying)
[shanjupay-merchant-application][${env:SERVER_PORT}] 2020-05-27 02:22:01,134 INFO [main][PostProcessorRegistrationDelegate.java:330] - Bean 'server-org.springframework.boot.autoconfigure.web.ServerProperties' of type [org.springframework.boot.autoconfigure.web.ServerProperties] is not eligible for getting processed by all BeanPostProcessors (for example: not eligible for auto-proxying)
[shanjupay-merchant-application][${env:SERVER_PORT}] 2020-05-27 02:22:01,138 INFO [main][PostProcessorRegistrationDelegate.java:330] - Bean 'org.springframework.cloud.client.discovery.simple.SimpleDiscoveryClientAutoConfiguration' of type [org.springframework.cloud.client.discovery.simple.SimpleDiscoveryClientAutoConfiguration$$EnhancerBySpringCGLIB$$e5e33051] is not eligible for getting processed by all BeanPostProcessors (for example: not eligible for auto-proxying)
[shanjupay-merchant-application][${env:SERVER_PORT}] 2020-05-27 02:22:01,635 INFO [main][PostProcessorRegistrationDelegate.java:330] - Bean 'simpleDiscoveryProperties' of type [org.springframework.cloud.client.discovery.simple.SimpleDiscoveryProperties] is not eligible for getting processed by all BeanPostProcessors (for example: not eligible for auto-proxying)
[shanjupay-merchant-application][${env:SERVER_PORT}] 2020-05-27 02:22:01,637 INFO [main][PostProcessorRegistrationDelegate.java:330] - Bean 'simpleDiscoveryClient' of type [org.springframework.cloud.client.discovery.simple.SimpleDiscoveryClient] is not eligible for getting processed by all BeanPostProcessors (for example: not eligible for auto-proxying)
[shanjupay-merchant-application][${env:SERVER_PORT}] 2020-05-27 02:22:01,644 INFO [main][PostProcessorRegistrationDelegate.java:330] - Bean 'compositeDiscoveryClient' of type [org.springframework.cloud.client.discovery.composite.CompositeDiscoveryClient] is not eligible for getting processed by all BeanPostProcessors (for example: not eligible for auto-proxying)
[shanjupay-merchant-application][${env:SERVER_PORT}] 2020-05-27 02:22:01,648 INFO [main][PostProcessorRegistrationDelegate.java:330] - Bean 'com.alibaba.cloud.dubbo.util.JSONUtils' of type [com.alibaba.cloud.dubbo.util.JSONUtils] is not eligible for getting processed by all BeanPostProcessors (for example: not eligible for auto-proxying)
[shanjupay-merchant-application][${env:SERVER_PORT}] 2020-05-27 02:22:01,764 WARN [main][DubboServiceMetadataRepository.java:216] - Current application will subscribe all services(size:3) in registry, a lot of memory and CPU cycles may be used, thus it's strongly recommend you using the externalized property 'dubbo.cloud.subscribed-services' to specify the services
[shanjupay-merchant-application][${env:SERVER_PORT}] 2020-05-27 02:22:01,765 INFO [main][PostProcessorRegistrationDelegate.java:330] - Bean 'com.alibaba.cloud.dubbo.metadata.repository.DubboServiceMetadataRepository' of type [com.alibaba.cloud.dubbo.metadata.repository.DubboServiceMetadataRepository] is not eligible for getting processed by all BeanPostProcessors (for example: not eligible for auto-proxying)
[shanjupay-merchant-application][${env:SERVER_PORT}] 2020-05-27 02:22:01,784 INFO [main][PostProcessorRegistrationDelegate.java:330] - Bean 'com.alibaba.cloud.dubbo.service.parameter.RequestParamServiceParameterResolver' of type [com.alibaba.cloud.dubbo.service.parameter.RequestParamServiceParameterResolver] is not eligible for getting processed by all BeanPostProcessors (for example: not eligible for auto-proxying)
[shanjupay-merchant-application][${env:SERVER_PORT}] 2020-05-27 02:22:01,802 INFO [main][PostProcessorRegistrationDelegate.java:330] - Bean 'spring.http-org.springframework.boot.autoconfigure.http.HttpProperties' of type [org.springframework.boot.autoconfigure.http.HttpProperties] is not eligible for getting processed by all BeanPostProcessors (for example: not eligible for auto-proxying)
[shanjupay-merchant-application][${env:SERVER_PORT}] 2020-05-27 02:22:01,806 INFO [main][PostProcessorRegistrationDelegate.java:330] - Bean 'org.springframework.boot.autoconfigure.http.HttpMessageConvertersAutoConfiguration$StringHttpMessageConverterConfiguration' of type [org.springframework.boot.autoconfigure.http.HttpMessageConvertersAutoConfiguration$StringHttpMessageConverterConfiguration$$EnhancerBySpringCGLIB$$1e05fc27] is not eligible for getting processed by all BeanPostProcessors (for example: not eligible for auto-proxying)
[shanjupay-merchant-application][${env:SERVER_PORT}] 2020-05-27 02:22:01,820 INFO [main][PostProcessorRegistrationDelegate.java:330] - Bean 'stringHttpMessageConverter' of type [org.springframework.http.converter.StringHttpMessageConverter] is not eligible for getting processed by all BeanPostProcessors (for example: not eligible for auto-proxying)
[shanjupay-merchant-application][${env:SERVER_PORT}] 2020-05-27 02:22:01,828 INFO [main][PostProcessorRegistrationDelegate.java:330] - Bean 'org.springframework.boot.autoconfigure.http.JacksonHttpMessageConvertersConfiguration$MappingJackson2HttpMessageConverterConfiguration' of type [org.springframework.boot.autoconfigure.http.JacksonHttpMessageConvertersConfiguration$MappingJackson2HttpMessageConverterConfiguration$$EnhancerBySpringCGLIB$$57dbf827] is not eligible for getting processed by all BeanPostProcessors (for example: not eligible for auto-proxying)
[shanjupay-merchant-application][${env:SERVER_PORT}] 2020-05-27 02:22:01,834 INFO [main][PostProcessorRegistrationDelegate.java:330] - Bean 'org.springframework.boot.autoconfigure.jackson.JacksonAutoConfiguration$JacksonObjectMapperConfiguration' of type [org.springframework.boot.autoconfigure.jackson.JacksonAutoConfiguration$JacksonObjectMapperConfiguration$$EnhancerBySpringCGLIB$$2c57e984] is not eligible for getting processed by all BeanPostProcessors (for example: not eligible for auto-proxying)
[shanjupay-merchant-application][${env:SERVER_PORT}] 2020-05-27 02:22:01,844 INFO [main][PostProcessorRegistrationDelegate.java:330] - Bean 'org.springframework.boot.autoconfigure.jackson.JacksonAutoConfiguration$JacksonObjectMapperBuilderConfiguration' of type [org.springframework.boot.autoconfigure.jackson.JacksonAutoConfiguration$JacksonObjectMapperBuilderConfiguration$$EnhancerBySpringCGLIB$$dea4ab9d] is not eligible for getting processed by all BeanPostProcessors (for example: not eligible for auto-proxying)
[shanjupay-merchant-application][${env:SERVER_PORT}] 2020-05-27 02:22:01,852 INFO [main][PostProcessorRegistrationDelegate.java:330] - Bean 'org.springframework.boot.autoconfigure.jackson.JacksonAutoConfiguration$Jackson2ObjectMapperBuilderCustomizerConfiguration' of type [org.springframework.boot.autoconfigure.jackson.JacksonAutoConfiguration$Jackson2ObjectMapperBuilderCustomizerConfiguration$$EnhancerBySpringCGLIB$$99bb918c] is not eligible for getting processed by all BeanPostProcessors (for example: not eligible for auto-proxying)
[shanjupay-merchant-application][${env:SERVER_PORT}] 2020-05-27 02:22:01,864 INFO [main][PostProcessorRegistrationDelegate.java:330] - Bean 'spring.jackson-org.springframework.boot.autoconfigure.jackson.JacksonProperties' of type [org.springframework.boot.autoconfigure.jackson.JacksonProperties] is not eligible for getting processed by all BeanPostProcessors (for example: not eligible for auto-proxying)
[shanjupay-merchant-application][${env:SERVER_PORT}] 2020-05-27 02:22:01,873 INFO [main][PostProcessorRegistrationDelegate.java:330] - Bean 'standardJacksonObjectMapperBuilderCustomizer' of type [org.springframework.boot.autoconfigure.jackson.JacksonAutoConfiguration$Jackson2ObjectMapperBuilderCustomizerConfiguration$StandardJackson2ObjectMapperBuilderCustomizer] is not eligible for getting processed by all BeanPostProcessors (for example: not eligible for auto-proxying)
[shanjupay-merchant-application][${env:SERVER_PORT}] 2020-05-27 02:22:01,886 INFO [main][PostProcessorRegistrationDelegate.java:330] - Bean 'org.springframework.boot.autoconfigure.jackson.JacksonAutoConfiguration$ParameterNamesModuleConfiguration' of type [org.springframework.boot.autoconfigure.jackson.JacksonAutoConfiguration$ParameterNamesModuleConfiguration$$EnhancerBySpringCGLIB$$c08708ba] is not eligible for getting processed by all BeanPostProcessors (for example: not eligible for auto-proxying)
[shanjupay-merchant-application][${env:SERVER_PORT}] 2020-05-27 02:22:01,906 INFO [main][PostProcessorRegistrationDelegate.java:330] - Bean 'parameterNamesModule' of type [com.fasterxml.jackson.module.paramnames.ParameterNamesModule] is not eligible for getting processed by all BeanPostProcessors (for example: not eligible for auto-proxying)
[shanjupay-merchant-application][${env:SERVER_PORT}] 2020-05-27 02:22:01,912 INFO [main][PostProcessorRegistrationDelegate.java:330] - Bean 'org.springframework.boot.autoconfigure.jackson.JacksonAutoConfiguration' of type [org.springframework.boot.autoconfigure.jackson.JacksonAutoConfiguration$$EnhancerBySpringCGLIB$$e638713] is not eligible for getting processed by all BeanPostProcessors (for example: not eligible for auto-proxying)
[shanjupay-merchant-application][${env:SERVER_PORT}] 2020-05-27 02:22:01,924 INFO [main][PostProcessorRegistrationDelegate.java:330] - Bean 'jsonComponentModule' of type [org.springframework.boot.jackson.JsonComponentModule] is not eligible for getting processed by all BeanPostProcessors (for example: not eligible for auto-proxying)
[shanjupay-merchant-application][${env:SERVER_PORT}] 2020-05-27 02:22:01,931 INFO [main][PostProcessorRegistrationDelegate.java:330] - Bean 'jacksonObjectMapperBuilder' of type [org.springframework.http.converter.json.Jackson2ObjectMapperBuilder] is not eligible for getting processed by all BeanPostProcessors (for example: not eligible for auto-proxying)
[shanjupay-merchant-application][${env:SERVER_PORT}] 2020-05-27 02:22:01,965 INFO [main][PostProcessorRegistrationDelegate.java:330] - Bean 'jacksonObjectMapper' of type [com.fasterxml.jackson.databind.ObjectMapper] is not eligible for getting processed by all BeanPostProcessors (for example: not eligible for auto-proxying)
[shanjupay-merchant-application][${env:SERVER_PORT}] 2020-05-27 02:22:01,979 INFO [main][PostProcessorRegistrationDelegate.java:330] - Bean 'mappingJackson2HttpMessageConverter' of type [org.springframework.http.converter.json.MappingJackson2HttpMessageConverter] is not eligible for getting processed by all BeanPostProcessors (for example: not eligible for auto-proxying)
[shanjupay-merchant-application][${env:SERVER_PORT}] 2020-05-27 02:22:01,986 INFO [main][PostProcessorRegistrationDelegate.java:330] - Bean 'org.springframework.boot.autoconfigure.http.HttpMessageConvertersAutoConfiguration' of type [org.springframework.boot.autoconfigure.http.HttpMessageConvertersAutoConfiguration$$EnhancerBySpringCGLIB$$eaf83587] is not eligible for getting processed by all BeanPostProcessors (for example: not eligible for auto-proxying)
[shanjupay-merchant-application][${env:SERVER_PORT}] 2020-05-27 02:22:02,001 INFO [main][PostProcessorRegistrationDelegate.java:330] - Bean 'messageConverters' of type [org.springframework.boot.autoconfigure.http.HttpMessageConverters] is not eligible for getting processed by all BeanPostProcessors (for example: not eligible for auto-proxying)
[shanjupay-merchant-application][${env:SERVER_PORT}] 2020-05-27 02:22:02,005 INFO [main][PostProcessorRegistrationDelegate.java:330] - Bean 'com.alibaba.cloud.dubbo.service.parameter.RequestBodyServiceParameterResolver' of type [com.alibaba.cloud.dubbo.service.parameter.RequestBodyServiceParameterResolver] is not eligible for getting processed by all BeanPostProcessors (for example: not eligible for auto-proxying)
[shanjupay-merchant-application][${env:SERVER_PORT}] 2020-05-27 02:22:02,012 INFO [main][PostProcessorRegistrationDelegate.java:330] - Bean 'com.alibaba.cloud.dubbo.service.parameter.RequestHeaderServiceParameterResolver' of type [com.alibaba.cloud.dubbo.service.parameter.RequestHeaderServiceParameterResolver] is not eligible for getting processed by all BeanPostProcessors (for example: not eligible for auto-proxying)
[shanjupay-merchant-application][${env:SERVER_PORT}] 2020-05-27 02:22:02,019 INFO [main][PostProcessorRegistrationDelegate.java:330] - Bean 'com.alibaba.cloud.dubbo.service.parameter.PathVariableServiceParameterResolver' of type [com.alibaba.cloud.dubbo.service.parameter.PathVariableServiceParameterResolver] is not eligible for getting processed by all BeanPostProcessors (for example: not eligible for auto-proxying)
[shanjupay-merchant-application][${env:SERVER_PORT}] 2020-05-27 02:22:02,021 INFO [main][PostProcessorRegistrationDelegate.java:330] - Bean 'com.alibaba.cloud.dubbo.service.DubboGenericServiceExecutionContextFactory' of type [com.alibaba.cloud.dubbo.service.DubboGenericServiceExecutionContextFactory] is not eligible for getting processed by all BeanPostProcessors (for example: not eligible for auto-proxying)
[shanjupay-merchant-application][${env:SERVER_PORT}] 2020-05-27 02:22:02,040 INFO [main][PostProcessorRegistrationDelegate.java:330] - Bean 'relaxedDubboConfigBinder' of type [org.apache.dubbo.spring.boot.autoconfigure.BinderDubboConfigBinder] is not eligible for getting processed by all BeanPostProcessors (for example: not eligible for auto-proxying)
[shanjupay-merchant-application][${env:SERVER_PORT}] 2020-05-27 02:22:02,050 INFO [main][PostProcessorRegistrationDelegate.java:330] - Bean 'relaxedDubboConfigBinder' of type [org.apache.dubbo.spring.boot.autoconfigure.BinderDubboConfigBinder] is not eligible for getting processed by all BeanPostProcessors (for example: not eligible for auto-proxying)
[shanjupay-merchant-application][${env:SERVER_PORT}] 2020-05-27 02:22:02,055 INFO [main][PostProcessorRegistrationDelegate.java:330] - Bean 'relaxedDubboConfigBinder' of type [org.apache.dubbo.spring.boot.autoconfigure.BinderDubboConfigBinder] is not eligible for getting processed by all BeanPostProcessors (for example: not eligible for auto-proxying)
[shanjupay-merchant-application][${env:SERVER_PORT}] 2020-05-27 02:22:02,060 INFO [main][PostProcessorRegistrationDelegate.java:330] - Bean 'relaxedDubboConfigBinder' of type [org.apache.dubbo.spring.boot.autoconfigure.BinderDubboConfigBinder] is not eligible for getting processed by all BeanPostProcessors (for example: not eligible for auto-proxying)
[shanjupay-merchant-application][${env:SERVER_PORT}] 2020-05-27 02:22:02,072 INFO [main][PostProcessorRegistrationDelegate.java:330] - Bean 'org.springframework.cloud.autoconfigure.ConfigurationPropertiesRebinderAutoConfiguration' of type [org.springframework.cloud.autoconfigure.ConfigurationPropertiesRebinderAutoConfiguration$$EnhancerBySpringCGLIB$$ecde6cf0] is not eligible for getting processed by all BeanPostProcessors (for example: not eligible for auto-proxying)
[shanjupay-merchant-application][${env:SERVER_PORT}] 2020-05-27 02:22:02,510 INFO [main][DubboConfigBindingBeanPostProcessor.java:109] - The properties of bean [name : org.apache.dubbo.config.ConsumerConfig#0] have been binding by prefix of configuration properties : dubbo.consumer
[shanjupay-merchant-application][${env:SERVER_PORT}] 2020-05-27 02:22:02,531 INFO [main][DubboConfigBindingBeanPostProcessor.java:109] - The properties of bean [name : org.apache.dubbo.config.RegistryConfig#0] have been binding by prefix of configuration properties : dubbo.registry
[shanjupay-merchant-application][${env:SERVER_PORT}] 2020-05-27 02:22:02,540 INFO [main][AnnotatedInterfaceConfigBeanBuilder.java:84] - The configBean[type:ReferenceBean] has been built.
[shanjupay-merchant-application][${env:SERVER_PORT}] 2020-05-27 02:22:02,564 WARN [main][AbstractInterfaceConfig.java:265] -  [DUBBO] There's no valid metadata config found, if you are using the simplified mode of registry url, please make sure you have a metadata address configured properly., dubbo version: 2.7.3, current host: 192.168.31.21
[shanjupay-merchant-application][${env:SERVER_PORT}] 2020-05-27 02:22:02,601 INFO [main][AbstractInterfaceConfig.java:237] -  [DUBBO] There's no valid monitor config found, if you want to open monitor statistics for Dubbo, please make sure your monitor is configured properly., dubbo version: 2.7.3, current host: 192.168.31.21
[shanjupay-merchant-application][${env:SERVER_PORT}] 2020-05-27 02:22:02,603 INFO [main][AbstractInterfaceConfig.java:237] -  [DUBBO] There's no valid monitor config found, if you want to open monitor statistics for Dubbo, please make sure your monitor is configured properly., dubbo version: 2.7.3, current host: 192.168.31.21
[shanjupay-merchant-application][${env:SERVER_PORT}] 2020-05-27 02:22:02,633 INFO [main][QosProtocolWrapper.java:89] -  [DUBBO] qos won't be started because it is disabled. Please check dubbo.application.qos.enable is configured either in system property, dubbo.properties or XML/spring-boot configuration., dubbo version: 2.7.3, current host: 192.168.31.21
[shanjupay-merchant-application][${env:SERVER_PORT}] 2020-05-27 02:22:02,634 WARN [main][SpringExtensionFactory.java:86] -  [DUBBO] No spring extension (bean) named:applicationContext, try to find an extension (bean) of type org.springframework.context.ConfigurableApplicationContext, dubbo version: 2.7.3, current host: 192.168.31.21
[shanjupay-merchant-application][${env:SERVER_PORT}] 2020-05-27 02:22:02,636 WARN [main][SpringExtensionFactory.java:104] -  [DUBBO] No spring extension (bean) named:applicationContext, type:org.springframework.context.ConfigurableApplicationContext found, stop get bean., dubbo version: 2.7.3, current host: 192.168.31.21
[shanjupay-merchant-application][${env:SERVER_PORT}] 2020-05-27 02:22:02,672 INFO [main][AbstractRegistry.java:280] -  [DUBBO] Register: consumer://192.168.31.21/com.shanjupay.merchant.api.AppService?application=merchant-application&category=consumers&check=false&dubbo=2.0.2&interface=com.shanjupay.merchant.api.AppService&lazy=false&methods=queryAppByMerchant,createApp,getAppById&pid=10376&qos.enable=false&qos.port=22310&release=2.7.3&retries=-1&revision=1.0-SNAPSHOT&side=consumer&sticky=false&timeout=3000&timestamp=1590517322565, dubbo version: 2.7.3, current host: 192.168.31.21
[shanjupay-merchant-application][${env:SERVER_PORT}] 2020-05-27 02:22:02,685 INFO [main][AbstractRegistry.java:305] -  [DUBBO] Subscribe: consumer://192.168.31.21/com.shanjupay.merchant.api.AppService?application=merchant-application&category=providers,configurators,routers&check=false&dubbo=2.0.2&interface=com.shanjupay.merchant.api.AppService&lazy=false&methods=queryAppByMerchant,createApp,getAppById&pid=10376&qos.enable=false&qos.port=22310&release=2.7.3&retries=-1&revision=1.0-SNAPSHOT&side=consumer&sticky=false&timeout=3000&timestamp=1590517322565, dubbo version: 2.7.3, current host: 192.168.31.21
[shanjupay-merchant-application][${env:SERVER_PORT}] 2020-05-27 02:22:02,687 INFO [main][AbstractSpringCloudRegistry.java:213] - The Dubbo Service URL[ID : consumer://192.168.31.21/com.shanjupay.merchant.api.AppService] is being subscribed for service[name : merchant-service]
[shanjupay-merchant-application][${env:SERVER_PORT}] 2020-05-27 02:22:02,688 INFO [main][AbstractSpringCloudRegistry.java:223] - The metadata of Dubbo service[key : com.shanjupay.merchant.api.AppService] can't be found when the subscribed service[name : merchant-service], and then try to initialize it
[shanjupay-merchant-application][${env:SERVER_PORT}] 2020-05-27 02:22:02,690 INFO [main][DubboServiceMetadataRepository.java:280] - The metadata of Dubbo service[name : merchant-service] is about to be initialized
[shanjupay-merchant-application][${env:SERVER_PORT}] 2020-05-27 02:22:02,782 WARN [main][AbstractInterfaceConfig.java:265] -  [DUBBO] There's no valid metadata config found, if you are using the simplified mode of registry url, please make sure you have a metadata address configured properly., dubbo version: 2.7.3, current host: 192.168.31.21
[shanjupay-merchant-application][${env:SERVER_PORT}] 2020-05-27 02:22:02,785 INFO [main][AbstractInterfaceConfig.java:237] -  [DUBBO] There's no valid monitor config found, if you want to open monitor statistics for Dubbo, please make sure your monitor is configured properly., dubbo version: 2.7.3, current host: 192.168.31.21
[shanjupay-merchant-application][${env:SERVER_PORT}] 2020-05-27 02:22:02,786 INFO [main][AbstractInterfaceConfig.java:237] -  [DUBBO] There's no valid monitor config found, if you want to open monitor statistics for Dubbo, please make sure your monitor is configured properly., dubbo version: 2.7.3, current host: 192.168.31.21
[shanjupay-merchant-application][${env:SERVER_PORT}] 2020-05-27 02:22:02,787 INFO [main][AbstractRegistry.java:280] -  [DUBBO] Register: consumer://192.168.31.21/org.apache.dubbo.rpc.service.GenericService?application=merchant-application&category=consumers&check=false&dubbo=2.0.2&generic=true&group=merchant-service&interface=com.alibaba.cloud.dubbo.service.DubboMetadataService&lazy=false&pid=10376&qos.enable=false&qos.port=22310&release=2.7.3&retries=-1&side=consumer&sticky=false&timeout=3000&timestamp=1590517322782&version=1.0.0, dubbo version: 2.7.3, current host: 192.168.31.21
[shanjupay-merchant-application][${env:SERVER_PORT}] 2020-05-27 02:22:02,788 INFO [main][AbstractRegistry.java:305] -  [DUBBO] Subscribe: consumer://192.168.31.21/org.apache.dubbo.rpc.service.GenericService?application=merchant-application&category=providers,configurators,routers&check=false&dubbo=2.0.2&generic=true&group=merchant-service&interface=com.alibaba.cloud.dubbo.service.DubboMetadataService&lazy=false&pid=10376&qos.enable=false&qos.port=22310&release=2.7.3&retries=-1&side=consumer&sticky=false&timeout=3000&timestamp=1590517322782&version=1.0.0, dubbo version: 2.7.3, current host: 192.168.31.21
[shanjupay-merchant-application][${env:SERVER_PORT}] 2020-05-27 02:22:03,795 INFO [main][AbstractClient.java:199] -  [DUBBO] Succeed connect to server /192.168.31.21:20890 from NettyClient 192.168.31.21 using dubbo version 2.7.3, channel is NettyChannel [channel=[id: 0x4e16b9a4, L:/192.168.31.21:54562 - R:/192.168.31.21:20890]], dubbo version: 2.7.3, current host: 192.168.31.21
[shanjupay-merchant-application][${env:SERVER_PORT}] 2020-05-27 02:22:03,796 INFO [main][AbstractClient.java:71] -  [DUBBO] Start NettyClient DESKTOP-MS9ULU5/192.168.31.21 connect to the server /192.168.31.21:20890, dubbo version: 2.7.3, current host: 192.168.31.21
[shanjupay-merchant-application][${env:SERVER_PORT}] 2020-05-27 02:22:03,856 INFO [main][AbstractRegistry.java:212] -  [DUBBO] Load registry cache file C:\Users\cainame\.dubbo\dubbo-registry-merchant-application-192.168.31.141:8848.cache, data: {transaction-service/com.alibaba.cloud.dubbo.service.DubboMetadataService:1.0.0=dubbo://192.168.31.21:20893/com.alibaba.cloud.dubbo.service.DubboMetadataService?anyhost=true&application=transaction-service&category=providers&deprecated=false&dubbo=2.0.2&dynamic=true&generic=false&group=transaction-service&interface=com.alibaba.cloud.dubbo.service.DubboMetadataService&methods=getAllServiceKeys,getServiceRestMetadata,getExportedURLs,getAllExportedURLs&path=com.alibaba.cloud.dubbo.service.DubboMetadataService&pid=9376&protocol=dubbo&register=true&release=2.7.3&revision=2.1.0.RELEASE&side=provider&timestamp=1590516668365&version=1.0.0, com.shanjupay.merchant.api.MerchantService=dubbo://192.168.31.21:20890/com.shanjupay.merchant.api.MerchantService?anyhost=true&application=merchant-service&bean.name=ServiceBean:com.shanjupay.merchant.api.MerchantService&category=providers&deprecated=false&dubbo=2.0.2&dynamic=true&generic=false&interface=com.shanjupay.merchant.api.MerchantService&methods=queryMerchantById,applyMerchant,createMerchant&path=com.shanjupay.merchant.api.MerchantService&pid=3452&protocol=dubbo&register=true&release=2.7.3&side=provider&timestamp=1590512280199, com.shanjupay.merchant.api.AppService=dubbo://192.168.31.21:20890/com.shanjupay.merchant.api.AppService?anyhost=true&application=merchant-service&bean.name=ServiceBean:com.shanjupay.merchant.api.AppService&category=providers&deprecated=false&dubbo=2.0.2&dynamic=true&generic=false&interface=com.shanjupay.merchant.api.AppService&methods=queryAppByMerchant,createApp,getAppById&path=com.shanjupay.merchant.api.AppService&pid=3452&protocol=dubbo&register=true&release=2.7.3&side=provider&timestamp=1590512278859, merchant-service/com.alibaba.cloud.dubbo.service.DubboMetadataService:1.0.0=dubbo://192.168.31.21:20890/com.alibaba.cloud.dubbo.service.DubboMetadataService?anyhost=true&application=merchant-service&category=providers&deprecated=false&dubbo=2.0.2&dynamic=true&generic=false&group=merchant-service&interface=com.alibaba.cloud.dubbo.service.DubboMetadataService&methods=getAllServiceKeys,getServiceRestMetadata,getExportedURLs,getAllExportedURLs&path=com.alibaba.cloud.dubbo.service.DubboMetadataService&pid=3452&protocol=dubbo&register=true&release=2.7.3&revision=2.1.0.RELEASE&side=provider&timestamp=1590512280649&version=1.0.0}, dubbo version: 2.7.3, current host: 192.168.31.21
[shanjupay-merchant-application][${env:SERVER_PORT}] 2020-05-27 02:22:03,858 INFO [main][AbstractRegistry.java:280] -  [DUBBO] Register: consumer://192.168.31.21/org.apache.dubbo.rpc.service.GenericService?application=merchant-application&category=consumers&check=false&dubbo=2.0.2&generic=true&group=merchant-service&interface=com.alibaba.cloud.dubbo.service.DubboMetadataService&lazy=false&pid=10376&qos.enable=false&qos.port=22310&release=2.7.3&retries=-1&side=consumer&sticky=false&timeout=3000&timestamp=1590517322782&version=1.0.0, dubbo version: 2.7.3, current host: 192.168.31.21
[shanjupay-merchant-application][${env:SERVER_PORT}] 2020-05-27 02:22:03,889 INFO [main][AbstractRegistry.java:305] -  [DUBBO] Subscribe: consumer://192.168.31.21/org.apache.dubbo.rpc.service.GenericService?application=merchant-application&category=providers,configurators,routers&check=false&dubbo=2.0.2&generic=true&group=merchant-service&interface=com.alibaba.cloud.dubbo.service.DubboMetadataService&lazy=false&pid=10376&qos.enable=false&qos.port=22310&release=2.7.3&retries=-1&side=consumer&sticky=false&timeout=3000&timestamp=1590517322782&version=1.0.0, dubbo version: 2.7.3, current host: 192.168.31.21
[shanjupay-merchant-application][${env:SERVER_PORT}] 2020-05-27 02:22:03,906 INFO [main][AbstractRegistry.java:399] -  [DUBBO] Notify urls for subscribe url consumer://192.168.31.21/org.apache.dubbo.rpc.service.GenericService?application=merchant-application&category=providers,configurators,routers&check=false&dubbo=2.0.2&generic=true&group=merchant-service&interface=com.alibaba.cloud.dubbo.service.DubboMetadataService&lazy=false&pid=10376&qos.enable=false&qos.port=22310&release=2.7.3&retries=-1&side=consumer&sticky=false&timeout=3000&timestamp=1590517322782&version=1.0.0, urls: [dubbo://192.168.31.21:20890/com.alibaba.cloud.dubbo.service.DubboMetadataService?anyhost=true&application=merchant-service&category=providers&deprecated=false&dubbo=2.0.2&dynamic=true&generic=false&group=merchant-service&interface=com.alibaba.cloud.dubbo.service.DubboMetadataService&methods=getAllServiceKeys,getServiceRestMetadata,getExportedURLs,getAllExportedURLs&path=com.alibaba.cloud.dubbo.service.DubboMetadataService&pid=3452&protocol=dubbo&register=true&release=2.7.3&revision=2.1.0.RELEASE&side=provider&timestamp=1590512280649&version=1.0.0], dubbo version: 2.7.3, current host: 192.168.31.21
[shanjupay-merchant-application][${env:SERVER_PORT}] 2020-05-27 02:22:03,911 INFO [com.alibaba.nacos.naming.client.listener][AbstractRegistry.java:399] -  [DUBBO] Notify urls for subscribe url consumer://192.168.31.21/org.apache.dubbo.rpc.service.GenericService?application=merchant-application&category=providers,configurators,routers&check=false&dubbo=2.0.2&generic=true&group=merchant-service&interface=com.alibaba.cloud.dubbo.service.DubboMetadataService&lazy=false&pid=10376&qos.enable=false&qos.port=22310&release=2.7.3&retries=-1&side=consumer&sticky=false&timeout=3000&timestamp=1590517322782&version=1.0.0, urls: [dubbo://192.168.31.21:20890/com.alibaba.cloud.dubbo.service.DubboMetadataService?anyhost=true&application=merchant-service&category=providers&deprecated=false&dubbo=2.0.2&dynamic=true&generic=false&group=merchant-service&interface=com.alibaba.cloud.dubbo.service.DubboMetadataService&methods=getAllServiceKeys,getServiceRestMetadata,getExportedURLs,getAllExportedURLs&path=com.alibaba.cloud.dubbo.service.DubboMetadataService&pid=3452&protocol=dubbo&register=true&release=2.7.3&revision=2.1.0.RELEASE&side=provider&timestamp=1590512280649&version=1.0.0], dubbo version: 2.7.3, current host: 192.168.31.21
[shanjupay-merchant-application][${env:SERVER_PORT}] 2020-05-27 02:22:03,915 INFO [main][ReferenceConfig.java:421] -  [DUBBO] Refer dubbo service org.apache.dubbo.rpc.service.GenericService from url registry://192.168.31.141:8848/org.apache.dubbo.registry.RegistryService?application=merchant-application&check=false&cluster=registryaware&dubbo=2.0.2&generic=true&group=merchant-service&interface=com.alibaba.cloud.dubbo.service.DubboMetadataService&lazy=false&pid=10376&qos.enable=false&qos.port=22310&refer=application%3Dmerchant-application%26check%3Dfalse%26dubbo%3D2.0.2%26generic%3Dtrue%26group%3Dmerchant-service%26interface%3Dcom.alibaba.cloud.dubbo.service.DubboMetadataService%26lazy%3Dfalse%26pid%3D10376%26qos.enable%3Dfalse%26qos.port%3D22310%26register.ip%3D192.168.31.21%26release%3D2.7.3%26retries%3D-1%26side%3Dconsumer%26sticky%3Dfalse%26timeout%3D3000%26timestamp%3D1590517322782%26version%3D1.0.0&register.ip=192.168.31.21&registry=nacos&release=2.7.3&retries=-1&side=consumer&sticky=false&timeout=3000&timestamp=1590517322782&version=1.0.0, dubbo version: 2.7.3, current host: 192.168.31.21
[shanjupay-merchant-application][${env:SERVER_PORT}] 2020-05-27 02:22:04,062 WARN [main][DubboServiceMetadataRepository.java:484] - The Spring application[name : merchant-service] does not expose The REST metadata in the Dubbo services.
[shanjupay-merchant-application][${env:SERVER_PORT}] 2020-05-27 02:22:04,069 INFO [main][AbstractSpringCloudRegistry.java:213] - The Dubbo Service URL[ID : consumer://192.168.31.21/com.shanjupay.merchant.api.AppService] is being subscribed for service[name : transaction-service]
[shanjupay-merchant-application][${env:SERVER_PORT}] 2020-05-27 02:22:04,069 INFO [main][AbstractSpringCloudRegistry.java:223] - The metadata of Dubbo service[key : com.shanjupay.merchant.api.AppService] can't be found when the subscribed service[name : transaction-service], and then try to initialize it
[shanjupay-merchant-application][${env:SERVER_PORT}] 2020-05-27 02:22:04,069 INFO [main][DubboServiceMetadataRepository.java:280] - The metadata of Dubbo service[name : transaction-service] is about to be initialized
[shanjupay-merchant-application][${env:SERVER_PORT}] 2020-05-27 02:22:04,089 WARN [main][AbstractInterfaceConfig.java:265] -  [DUBBO] There's no valid metadata config found, if you are using the simplified mode of registry url, please make sure you have a metadata address configured properly., dubbo version: 2.7.3, current host: 192.168.31.21
[shanjupay-merchant-application][${env:SERVER_PORT}] 2020-05-27 02:22:04,096 INFO [main][AbstractInterfaceConfig.java:237] -  [DUBBO] There's no valid monitor config found, if you want to open monitor statistics for Dubbo, please make sure your monitor is configured properly., dubbo version: 2.7.3, current host: 192.168.31.21
[shanjupay-merchant-application][${env:SERVER_PORT}] 2020-05-27 02:22:04,096 INFO [main][AbstractInterfaceConfig.java:237] -  [DUBBO] There's no valid monitor config found, if you want to open monitor statistics for Dubbo, please make sure your monitor is configured properly., dubbo version: 2.7.3, current host: 192.168.31.21
[shanjupay-merchant-application][${env:SERVER_PORT}] 2020-05-27 02:22:04,098 INFO [main][AbstractRegistry.java:280] -  [DUBBO] Register: consumer://192.168.31.21/org.apache.dubbo.rpc.service.GenericService?application=merchant-application&category=consumers&check=false&dubbo=2.0.2&generic=true&group=transaction-service&interface=com.alibaba.cloud.dubbo.service.DubboMetadataService&lazy=false&pid=10376&qos.enable=false&qos.port=22310&release=2.7.3&retries=-1&side=consumer&sticky=false&timeout=3000&timestamp=1590517324090&version=1.0.0, dubbo version: 2.7.3, current host: 192.168.31.21
[shanjupay-merchant-application][${env:SERVER_PORT}] 2020-05-27 02:22:04,100 INFO [main][AbstractRegistry.java:305] -  [DUBBO] Subscribe: consumer://192.168.31.21/org.apache.dubbo.rpc.service.GenericService?application=merchant-application&category=providers,configurators,routers&check=false&dubbo=2.0.2&generic=true&group=transaction-service&interface=com.alibaba.cloud.dubbo.service.DubboMetadataService&lazy=false&pid=10376&qos.enable=false&qos.port=22310&release=2.7.3&retries=-1&side=consumer&sticky=false&timeout=3000&timestamp=1590517324090&version=1.0.0, dubbo version: 2.7.3, current host: 192.168.31.21
[shanjupay-merchant-application][${env:SERVER_PORT}] 2020-05-27 02:22:04,104 INFO [main][AbstractClient.java:199] -  [DUBBO] Succeed connect to server /192.168.31.21:20893 from NettyClient 192.168.31.21 using dubbo version 2.7.3, channel is NettyChannel [channel=[id: 0x11e6a816, L:/192.168.31.21:54567 - R:/192.168.31.21:20893]], dubbo version: 2.7.3, current host: 192.168.31.21
[shanjupay-merchant-application][${env:SERVER_PORT}] 2020-05-27 02:22:04,105 INFO [main][AbstractClient.java:71] -  [DUBBO] Start NettyClient DESKTOP-MS9ULU5/192.168.31.21 connect to the server /192.168.31.21:20893, dubbo version: 2.7.3, current host: 192.168.31.21
[shanjupay-merchant-application][${env:SERVER_PORT}] 2020-05-27 02:22:04,108 INFO [main][AbstractRegistry.java:280] -  [DUBBO] Register: consumer://192.168.31.21/org.apache.dubbo.rpc.service.GenericService?application=merchant-application&category=consumers&check=false&dubbo=2.0.2&generic=true&group=transaction-service&interface=com.alibaba.cloud.dubbo.service.DubboMetadataService&lazy=false&pid=10376&qos.enable=false&qos.port=22310&release=2.7.3&retries=-1&side=consumer&sticky=false&timeout=3000&timestamp=1590517324090&version=1.0.0, dubbo version: 2.7.3, current host: 192.168.31.21
[shanjupay-merchant-application][${env:SERVER_PORT}] 2020-05-27 02:22:04,122 INFO [main][AbstractRegistry.java:305] -  [DUBBO] Subscribe: consumer://192.168.31.21/org.apache.dubbo.rpc.service.GenericService?application=merchant-application&category=providers,configurators,routers&check=false&dubbo=2.0.2&generic=true&group=transaction-service&interface=com.alibaba.cloud.dubbo.service.DubboMetadataService&lazy=false&pid=10376&qos.enable=false&qos.port=22310&release=2.7.3&retries=-1&side=consumer&sticky=false&timeout=3000&timestamp=1590517324090&version=1.0.0, dubbo version: 2.7.3, current host: 192.168.31.21
[shanjupay-merchant-application][${env:SERVER_PORT}] 2020-05-27 02:22:04,137 INFO [main][AbstractRegistry.java:399] -  [DUBBO] Notify urls for subscribe url consumer://192.168.31.21/org.apache.dubbo.rpc.service.GenericService?application=merchant-application&category=providers,configurators,routers&check=false&dubbo=2.0.2&generic=true&group=transaction-service&interface=com.alibaba.cloud.dubbo.service.DubboMetadataService&lazy=false&pid=10376&qos.enable=false&qos.port=22310&release=2.7.3&retries=-1&side=consumer&sticky=false&timeout=3000&timestamp=1590517324090&version=1.0.0, urls: [dubbo://192.168.31.21:20893/com.alibaba.cloud.dubbo.service.DubboMetadataService?anyhost=true&application=transaction-service&category=providers&deprecated=false&dubbo=2.0.2&dynamic=true&generic=false&group=transaction-service&interface=com.alibaba.cloud.dubbo.service.DubboMetadataService&methods=getAllServiceKeys,getServiceRestMetadata,getExportedURLs,getAllExportedURLs&path=com.alibaba.cloud.dubbo.service.DubboMetadataService&pid=9376&protocol=dubbo&register=true&release=2.7.3&revision=2.1.0.RELEASE&side=provider&timestamp=1590516668365&version=1.0.0], dubbo version: 2.7.3, current host: 192.168.31.21
[shanjupay-merchant-application][${env:SERVER_PORT}] 2020-05-27 02:22:04,138 INFO [main][ReferenceConfig.java:421] -  [DUBBO] Refer dubbo service org.apache.dubbo.rpc.service.GenericService from url registry://192.168.31.141:8848/org.apache.dubbo.registry.RegistryService?application=merchant-application&check=false&cluster=registryaware&dubbo=2.0.2&generic=true&group=transaction-service&interface=com.alibaba.cloud.dubbo.service.DubboMetadataService&lazy=false&pid=10376&qos.enable=false&qos.port=22310&refer=application%3Dmerchant-application%26check%3Dfalse%26dubbo%3D2.0.2%26generic%3Dtrue%26group%3Dtransaction-service%26interface%3Dcom.alibaba.cloud.dubbo.service.DubboMetadataService%26lazy%3Dfalse%26pid%3D10376%26qos.enable%3Dfalse%26qos.port%3D22310%26register.ip%3D192.168.31.21%26release%3D2.7.3%26retries%3D-1%26side%3Dconsumer%26sticky%3Dfalse%26timeout%3D3000%26timestamp%3D1590517324090%26version%3D1.0.0&register.ip=192.168.31.21&registry=nacos&release=2.7.3&retries=-1&side=consumer&sticky=false&timeout=3000&timestamp=1590517324090&version=1.0.0, dubbo version: 2.7.3, current host: 192.168.31.21
[shanjupay-merchant-application][${env:SERVER_PORT}] 2020-05-27 02:22:04,140 INFO [com.alibaba.nacos.naming.client.listener][AbstractRegistry.java:399] -  [DUBBO] Notify urls for subscribe url consumer://192.168.31.21/org.apache.dubbo.rpc.service.GenericService?application=merchant-application&category=providers,configurators,routers&check=false&dubbo=2.0.2&generic=true&group=transaction-service&interface=com.alibaba.cloud.dubbo.service.DubboMetadataService&lazy=false&pid=10376&qos.enable=false&qos.port=22310&release=2.7.3&retries=-1&side=consumer&sticky=false&timeout=3000&timestamp=1590517324090&version=1.0.0, urls: [dubbo://192.168.31.21:20893/com.alibaba.cloud.dubbo.service.DubboMetadataService?anyhost=true&application=transaction-service&category=providers&deprecated=false&dubbo=2.0.2&dynamic=true&generic=false&group=transaction-service&interface=com.alibaba.cloud.dubbo.service.DubboMetadataService&methods=getAllServiceKeys,getServiceRestMetadata,getExportedURLs,getAllExportedURLs&path=com.alibaba.cloud.dubbo.service.DubboMetadataService&pid=9376&protocol=dubbo&register=true&release=2.7.3&revision=2.1.0.RELEASE&side=provider&timestamp=1590516668365&version=1.0.0], dubbo version: 2.7.3, current host: 192.168.31.21
[shanjupay-merchant-application][${env:SERVER_PORT}] 2020-05-27 02:22:04,150 WARN [main][DubboServiceMetadataRepository.java:484] - The Spring application[name : transaction-service] does not expose The REST metadata in the Dubbo services.
[shanjupay-merchant-application][${env:SERVER_PORT}] 2020-05-27 02:22:04,157 INFO [main][AbstractRegistry.java:280] -  [DUBBO] Register: consumer://192.168.31.21/com.shanjupay.merchant.api.AppService?application=merchant-application&category=consumers&check=false&dubbo=2.0.2&interface=com.shanjupay.merchant.api.AppService&lazy=false&methods=queryAppByMerchant,createApp,getAppById&pid=10376&qos.enable=false&qos.port=22310&release=2.7.3&retries=-1&revision=1.0-SNAPSHOT&side=consumer&sticky=false&timeout=3000&timestamp=1590517322565, dubbo version: 2.7.3, current host: 192.168.31.21
[shanjupay-merchant-application][${env:SERVER_PORT}] 2020-05-27 02:22:04,168 INFO [main][AbstractRegistry.java:305] -  [DUBBO] Subscribe: consumer://192.168.31.21/com.shanjupay.merchant.api.AppService?application=merchant-application&category=providers,configurators,routers&check=false&dubbo=2.0.2&interface=com.shanjupay.merchant.api.AppService&lazy=false&methods=queryAppByMerchant,createApp,getAppById&pid=10376&qos.enable=false&qos.port=22310&release=2.7.3&retries=-1&revision=1.0-SNAPSHOT&side=consumer&sticky=false&timeout=3000&timestamp=1590517322565, dubbo version: 2.7.3, current host: 192.168.31.21
[shanjupay-merchant-application][${env:SERVER_PORT}] 2020-05-27 02:22:04,179 INFO [main][AbstractRegistry.java:399] -  [DUBBO] Notify urls for subscribe url consumer://192.168.31.21/com.shanjupay.merchant.api.AppService?application=merchant-application&category=providers,configurators,routers&check=false&dubbo=2.0.2&interface=com.shanjupay.merchant.api.AppService&lazy=false&methods=queryAppByMerchant,createApp,getAppById&pid=10376&qos.enable=false&qos.port=22310&release=2.7.3&retries=-1&revision=1.0-SNAPSHOT&side=consumer&sticky=false&timeout=3000&timestamp=1590517322565, urls: [dubbo://192.168.31.21:20890/com.shanjupay.merchant.api.AppService?anyhost=true&application=merchant-service&bean.name=ServiceBean:com.shanjupay.merchant.api.AppService&category=providers&deprecated=false&dubbo=2.0.2&dynamic=true&generic=false&interface=com.shanjupay.merchant.api.AppService&methods=queryAppByMerchant,createApp,getAppById&path=com.shanjupay.merchant.api.AppService&pid=3452&protocol=dubbo&register=true&release=2.7.3&side=provider&timestamp=1590512278859], dubbo version: 2.7.3, current host: 192.168.31.21
[shanjupay-merchant-application][${env:SERVER_PORT}] 2020-05-27 02:22:04,182 INFO [com.alibaba.nacos.naming.client.listener][AbstractRegistry.java:399] -  [DUBBO] Notify urls for subscribe url consumer://192.168.31.21/com.shanjupay.merchant.api.AppService?application=merchant-application&category=providers,configurators,routers&check=false&dubbo=2.0.2&interface=com.shanjupay.merchant.api.AppService&lazy=false&methods=queryAppByMerchant,createApp,getAppById&pid=10376&qos.enable=false&qos.port=22310&release=2.7.3&retries=-1&revision=1.0-SNAPSHOT&side=consumer&sticky=false&timeout=3000&timestamp=1590517322565, urls: [dubbo://192.168.31.21:20890/com.shanjupay.merchant.api.AppService?anyhost=true&application=merchant-service&bean.name=ServiceBean:com.shanjupay.merchant.api.AppService&category=providers&deprecated=false&dubbo=2.0.2&dynamic=true&generic=false&interface=com.shanjupay.merchant.api.AppService&methods=queryAppByMerchant,createApp,getAppById&path=com.shanjupay.merchant.api.AppService&pid=3452&protocol=dubbo&register=true&release=2.7.3&side=provider&timestamp=1590512278859], dubbo version: 2.7.3, current host: 192.168.31.21
[shanjupay-merchant-application][${env:SERVER_PORT}] 2020-05-27 02:22:04,182 INFO [main][ReferenceConfig.java:421] -  [DUBBO] Refer dubbo service com.shanjupay.merchant.api.AppService from url registry://192.168.31.141:8848/org.apache.dubbo.registry.RegistryService?application=merchant-application&check=false&cluster=registryaware&dubbo=2.0.2&interface=com.shanjupay.merchant.api.AppService&lazy=false&methods=queryAppByMerchant,createApp,getAppById&pid=10376&qos.enable=false&qos.port=22310&refer=application%3Dmerchant-application%26check%3Dfalse%26dubbo%3D2.0.2%26interface%3Dcom.shanjupay.merchant.api.AppService%26lazy%3Dfalse%26methods%3DqueryAppByMerchant%2CcreateApp%2CgetAppById%26pid%3D10376%26qos.enable%3Dfalse%26qos.port%3D22310%26register.ip%3D192.168.31.21%26release%3D2.7.3%26retries%3D-1%26revision%3D1.0-SNAPSHOT%26side%3Dconsumer%26sticky%3Dfalse%26timeout%3D3000%26timestamp%3D1590517322565&register.ip=192.168.31.21&registry=nacos&release=2.7.3&retries=-1&revision=1.0-SNAPSHOT&side=consumer&sticky=false&timeout=3000&timestamp=1590517322565, dubbo version: 2.7.3, current host: 192.168.31.21
[shanjupay-merchant-application][${env:SERVER_PORT}] 2020-05-27 02:22:04,230 INFO [main][AnnotatedInterfaceConfigBeanBuilder.java:84] - The configBean[type:ReferenceBean] has been built.
[shanjupay-merchant-application][${env:SERVER_PORT}] 2020-05-27 02:22:04,240 WARN [main][AbstractInterfaceConfig.java:265] -  [DUBBO] There's no valid metadata config found, if you are using the simplified mode of registry url, please make sure you have a metadata address configured properly., dubbo version: 2.7.3, current host: 192.168.31.21
[shanjupay-merchant-application][${env:SERVER_PORT}] 2020-05-27 02:22:04,261 INFO [main][AbstractInterfaceConfig.java:237] -  [DUBBO] There's no valid monitor config found, if you want to open monitor statistics for Dubbo, please make sure your monitor is configured properly., dubbo version: 2.7.3, current host: 192.168.31.21
[shanjupay-merchant-application][${env:SERVER_PORT}] 2020-05-27 02:22:04,263 INFO [main][AbstractInterfaceConfig.java:237] -  [DUBBO] There's no valid monitor config found, if you want to open monitor statistics for Dubbo, please make sure your monitor is configured properly., dubbo version: 2.7.3, current host: 192.168.31.21
[shanjupay-merchant-application][${env:SERVER_PORT}] 2020-05-27 02:22:04,273 INFO [main][AbstractRegistry.java:280] -  [DUBBO] Register: consumer://192.168.31.21/com.shanjupay.merchant.api.MerchantService?application=merchant-application&category=consumers&check=false&dubbo=2.0.2&interface=com.shanjupay.merchant.api.MerchantService&lazy=false&methods=queryMerchantById,applyMerchant,createMerchant&pid=10376&qos.enable=false&qos.port=22310&release=2.7.3&retries=-1&revision=1.0-SNAPSHOT&side=consumer&sticky=false&timeout=3000&timestamp=1590517324241, dubbo version: 2.7.3, current host: 192.168.31.21
[shanjupay-merchant-application][${env:SERVER_PORT}] 2020-05-27 02:22:04,274 INFO [main][AbstractRegistry.java:305] -  [DUBBO] Subscribe: consumer://192.168.31.21/com.shanjupay.merchant.api.MerchantService?application=merchant-application&category=providers,configurators,routers&check=false&dubbo=2.0.2&interface=com.shanjupay.merchant.api.MerchantService&lazy=false&methods=queryMerchantById,applyMerchant,createMerchant&pid=10376&qos.enable=false&qos.port=22310&release=2.7.3&retries=-1&revision=1.0-SNAPSHOT&side=consumer&sticky=false&timeout=3000&timestamp=1590517324241, dubbo version: 2.7.3, current host: 192.168.31.21
[shanjupay-merchant-application][${env:SERVER_PORT}] 2020-05-27 02:22:04,274 INFO [main][AbstractSpringCloudRegistry.java:213] - The Dubbo Service URL[ID : consumer://192.168.31.21/com.shanjupay.merchant.api.MerchantService] is being subscribed for service[name : merchant-service]
[...]
[shanjupay-merchant-application][${env:SERVER_PORT}] 2020-05-27 02:22:07,720 INFO [main][DubboGenericServiceFactory.java:164] - Destroyed the ReferenceBean  : <dubbo:reference singleton="true" prefix="dubbo.reference.com.alibaba.cloud.dubbo.service.DubboMetadataService" interface="com.alibaba.cloud.dubbo.service.DubboMetadataService" generic="true" version="1.0.0" generic="true" group="merchant-service" sticky="false" lazy="false" id="com.alibaba.cloud.dubbo.service.DubboMetadataService" valid="true" /> 
[shanjupay-merchant-application][${env:SERVER_PORT}] 2020-05-27 02:22:07,721 INFO [main][AnnotationInjectedBeanPostProcessor.java:293] - org.apache.dubbo.common.bytecode.proxy4@749d7c01 was destroying!
[shanjupay-merchant-application][${env:SERVER_PORT}] 2020-05-27 02:22:07,722 INFO [main][AnnotationInjectedBeanPostProcessor.java:293] - org.apache.dubbo.common.bytecode.proxy5@1d3a03fe was destroying!
[shanjupay-merchant-application][${env:SERVER_PORT}] 2020-05-27 02:22:07,722 INFO [main][AnnotationInjectedBeanPostProcessor.java:305] - class org.apache.dubbo.config.spring.beans.factory.annotation.ReferenceAnnotationBeanPostProcessor was destroying!
[shanjupay-merchant-application][${env:SERVER_PORT}] 2020-05-27 02:22:07,735 INFO [main][ConditionEvaluationReportLoggingListener.java:142] - 

Error starting ApplicationContext. To display the conditions report re-run your application with 'debug' enabled.
[shanjupay-merchant-application][${env:SERVER_PORT}] 2020-05-27 02:22:07,736 ERROR [main][SpringApplication.java:858] - Application run failed
org.springframework.beans.factory.UnsatisfiedDependencyException: Error creating bean with name 'merchantController': Unsatisfied dependency expressed through field 'smsService'; nested exception is org.springframework.beans.factory.BeanCreationException: Error creating bean with name 'smsServiceImpl': Injection of autowired dependencies failed; nested exception is java.lang.IllegalArgumentException: Could not resolve placeholder 'sms.url' in value "${sms.url}"
	at org.springframework.beans.factory.annotation.AutowiredAnnotationBeanPostProcessor$AutowiredFieldElement.inject(AutowiredAnnotationBeanPostProcessor.java:596)
	at org.springframework.beans.factory.annotation.InjectionMetadata.inject(InjectionMetadata.java:90)
	at org.springframework.beans.factory.annotation.AutowiredAnnotationBeanPostProcessor.postProcessProperties(AutowiredAnnotationBeanPostProcessor.java:374)
	at org.springframework.beans.factory.support.AbstractAutowireCapableBeanFactory.populateBean(AbstractAutowireCapableBeanFactory.java:1395)
	at org.springframework.beans.factory.support.AbstractAutowireCapableBeanFactory.doCreateBean(AbstractAutowireCapableBeanFactory.java:592)
	at org.springframework.beans.factory.support.AbstractAutowireCapableBeanFactory.createBean(AbstractAutowireCapableBeanFactory.java:515)
	at org.springframework.beans.factory.support.AbstractBeanFactory.lambda$doGetBean$0(AbstractBeanFactory.java:320)
	at org.springframework.beans.factory.support.DefaultSingletonBeanRegistry.getSingleton(DefaultSingletonBeanRegistry.java:222)
	at org.springframework.beans.factory.support.AbstractBeanFactory.doGetBean(AbstractBeanFactory.java:318)
	at org.springframework.beans.factory.support.AbstractBeanFactory.getBean(AbstractBeanFactory.java:199)
	at org.springframework.beans.factory.support.DefaultListableBeanFactory.preInstantiateSingletons(DefaultListableBeanFactory.java:849)
	at org.springframework.context.support.AbstractApplicationContext.finishBeanFactoryInitialization(AbstractApplicationContext.java:877)
	at org.springframework.context.support.AbstractApplicationContext.refresh(AbstractApplicationContext.java:549)
	at org.springframework.boot.SpringApplication.refresh(SpringApplication.java:775)
	at org.springframework.boot.SpringApplication.refreshContext(SpringApplication.java:397)
	at org.springframework.boot.SpringApplication.run(SpringApplication.java:316)
	at org.springframework.boot.test.context.SpringBootContextLoader.loadContext(SpringBootContextLoader.java:127)
	at org.springframework.test.context.cache.DefaultCacheAwareContextLoaderDelegate.loadContextInternal(DefaultCacheAwareContextLoaderDelegate.java:99)
	at org.springframework.test.context.cache.DefaultCacheAwareContextLoaderDelegate.loadContext(DefaultCacheAwareContextLoaderDelegate.java:117)
	at org.springframework.test.context.support.DefaultTestContext.getApplicationContext(DefaultTestContext.java:108)
	at org.springframework.test.context.web.ServletTestExecutionListener.setUpRequestContextIfNecessary(ServletTestExecutionListener.java:190)
	at org.springframework.test.context.web.ServletTestExecutionListener.prepareTestInstance(ServletTestExecutionListener.java:132)
	at org.springframework.test.context.TestContextManager.prepareTestInstance(TestContextManager.java:246)
	at org.springframework.test.context.junit4.SpringJUnit4ClassRunner.createTest(SpringJUnit4ClassRunner.java:227)
	at org.springframework.test.context.junit4.SpringJUnit4ClassRunner$1.runReflectiveCall(SpringJUnit4ClassRunner.java:289)
	at org.junit.internal.runners.model.ReflectiveCallable.run(ReflectiveCallable.java:12)
	at org.springframework.test.context.junit4.SpringJUnit4ClassRunner.methodBlock(SpringJUnit4ClassRunner.java:291)
	at org.springframework.test.context.junit4.SpringJUnit4ClassRunner.runChild(SpringJUnit4ClassRunner.java:246)
	at org.springframework.test.context.junit4.SpringJUnit4ClassRunner.runChild(SpringJUnit4ClassRunner.java:97)
	at org.junit.runners.ParentRunner$3.run(ParentRunner.java:290)
	at org.junit.runners.ParentRunner$1.schedule(ParentRunner.java:71)
	at org.junit.runners.ParentRunner.runChildren(ParentRunner.java:288)
	at org.junit.runners.ParentRunner.access$000(ParentRunner.java:58)
	at org.junit.runners.ParentRunner$2.evaluate(ParentRunner.java:268)
	at org.springframework.test.context.junit4.statements.RunBeforeTestClassCallbacks.evaluate(RunBeforeTestClassCallbacks.java:61)
	at org.springframework.test.context.junit4.statements.RunAfterTestClassCallbacks.evaluate(RunAfterTestClassCallbacks.java:70)
	at org.junit.runners.ParentRunner.run(ParentRunner.java:363)
	at org.springframework.test.context.junit4.SpringJUnit4ClassRunner.run(SpringJUnit4ClassRunner.java:190)
	at org.apache.maven.surefire.junit4.JUnit4Provider.execute(JUnit4Provider.java:365)
	at org.apache.maven.surefire.junit4.JUnit4Provider.executeWithRerun(JUnit4Provider.java:273)
	at org.apache.maven.surefire.junit4.JUnit4Provider.executeTestSet(JUnit4Provider.java:238)
	at org.apache.maven.surefire.junit4.JUnit4Provider.invoke(JUnit4Provider.java:159)
	at org.apache.maven.surefire.booter.ForkedBooter.invokeProviderInSameClassLoader(ForkedBooter.java:384)
	at org.apache.maven.surefire.booter.ForkedBooter.runSuitesInProcess(ForkedBooter.java:345)
	at org.apache.maven.surefire.booter.ForkedBooter.execute(ForkedBooter.java:126)
	at org.apache.maven.surefire.booter.ForkedBooter.main(ForkedBooter.java:418)
Caused by: org.springframework.beans.factory.BeanCreationException: Error creating bean with name 'smsServiceImpl': Injection of autowired dependencies failed; nested exception is java.lang.IllegalArgumentException: Could not resolve placeholder 'sms.url' in value "${sms.url}"
	at org.springframework.beans.factory.annotation.AutowiredAnnotationBeanPostProcessor.postProcessProperties(AutowiredAnnotationBeanPostProcessor.java:380)
	at org.springframework.beans.factory.support.AbstractAutowireCapableBeanFactory.populateBean(AbstractAutowireCapableBeanFactory.java:1395)
	at org.springframework.beans.factory.support.AbstractAutowireCapableBeanFactory.doCreateBean(AbstractAutowireCapableBeanFactory.java:592)
	at org.springframework.beans.factory.support.AbstractAutowireCapableBeanFactory.createBean(AbstractAutowireCapableBeanFactory.java:515)
	at org.springframework.beans.factory.support.AbstractBeanFactory.lambda$doGetBean$0(AbstractBeanFactory.java:320)
	at org.springframework.beans.factory.support.DefaultSingletonBeanRegistry.getSingleton(DefaultSingletonBeanRegistry.java:222)
	at org.springframework.beans.factory.support.AbstractBeanFactory.doGetBean(AbstractBeanFactory.java:318)
	at org.springframework.beans.factory.support.AbstractBeanFactory.getBean(AbstractBeanFactory.java:199)
	at org.springframework.beans.factory.config.DependencyDescriptor.resolveCandidate(DependencyDescriptor.java:277)
	at org.springframework.beans.factory.support.DefaultListableBeanFactory.doResolveDependency(DefaultListableBeanFactory.java:1247)
	at org.springframework.beans.factory.support.DefaultListableBeanFactory.resolveDependency(DefaultListableBeanFactory.java:1167)
	at org.springframework.beans.factory.annotation.AutowiredAnnotationBeanPostProcessor$AutowiredFieldElement.inject(AutowiredAnnotationBeanPostProcessor.java:593)
	... 45 more
Caused by: java.lang.IllegalArgumentException: Could not resolve placeholder 'sms.url' in value "${sms.url}"
	at org.springframework.util.PropertyPlaceholderHelper.parseStringValue(PropertyPlaceholderHelper.java:172)
	at org.springframework.util.PropertyPlaceholderHelper.replacePlaceholders(PropertyPlaceholderHelper.java:124)
	at org.springframework.core.env.AbstractPropertyResolver.doResolvePlaceholders(AbstractPropertyResolver.java:237)
	at org.springframework.core.env.AbstractPropertyResolver.resolveRequiredPlaceholders(AbstractPropertyResolver.java:211)
	at org.springframework.context.support.PropertySourcesPlaceholderConfigurer.lambda$processProperties$0(PropertySourcesPlaceholderConfigurer.java:175)
	at org.springframework.beans.factory.support.AbstractBeanFactory.resolveEmbeddedValue(AbstractBeanFactory.java:851)
	at org.springframework.beans.factory.support.DefaultListableBeanFactory.doResolveDependency(DefaultListableBeanFactory.java:1188)
	at org.springframework.beans.factory.support.DefaultListableBeanFactory.resolveDependency(DefaultListableBeanFactory.java:1167)
	at org.springframework.beans.factory.annotation.AutowiredAnnotationBeanPostProcessor$AutowiredFieldElement.inject(AutowiredAnnotationBeanPostProcessor.java:593)
	at org.springframework.beans.factory.annotation.InjectionMetadata.inject(InjectionMetadata.java:90)
	at org.springframework.beans.factory.annotation.AutowiredAnnotationBeanPostProcessor.postProcessProperties(AutowiredAnnotationBeanPostProcessor.java:374)
	... 56 more
[shanjupay-merchant-application][${env:SERVER_PORT}] 2020-05-27 02:22:07,739 ERROR [main][TestContextManager.java:250] - Caught exception while allowing TestExecutionListener [org.springframework.test.context.web.ServletTestExecutionListener@3eb91815] to prepare test instance [com.shanjupay.merchant.RestTemplateTest@d76099a]
java.lang.IllegalStateException: Failed to load ApplicationContext
	at org.springframework.test.context.cache.DefaultCacheAwareContextLoaderDelegate.loadContext(DefaultCacheAwareContextLoaderDelegate.java:125)
	at org.springframework.test.context.support.DefaultTestContext.getApplicationContext(DefaultTestContext.java:108)
	at org.springframework.test.context.web.ServletTestExecutionListener.setUpRequestContextIfNecessary(ServletTestExecutionListener.java:190)
	at org.springframework.test.context.web.ServletTestExecutionListener.prepareTestInstance(ServletTestExecutionListener.java:132)
	at org.springframework.test.context.TestContextManager.prepareTestInstance(TestContextManager.java:246)
	at org.springframework.test.context.junit4.SpringJUnit4ClassRunner.createTest(SpringJUnit4ClassRunner.java:227)
	at org.springframework.test.context.junit4.SpringJUnit4ClassRunner$1.runReflectiveCall(SpringJUnit4ClassRunner.java:289)
	at org.junit.internal.runners.model.ReflectiveCallable.run(ReflectiveCallable.java:12)
	at org.springframework.test.context.junit4.SpringJUnit4ClassRunner.methodBlock(SpringJUnit4ClassRunner.java:291)
	at org.springframework.test.context.junit4.SpringJUnit4ClassRunner.runChild(SpringJUnit4ClassRunner.java:246)
	at org.springframework.test.context.junit4.SpringJUnit4ClassRunner.runChild(SpringJUnit4ClassRunner.java:97)
	at org.junit.runners.ParentRunner$3.run(ParentRunner.java:290)
	at org.junit.runners.ParentRunner$1.schedule(ParentRunner.java:71)
	at org.junit.runners.ParentRunner.runChildren(ParentRunner.java:288)
	at org.junit.runners.ParentRunner.access$000(ParentRunner.java:58)
	at org.junit.runners.ParentRunner$2.evaluate(ParentRunner.java:268)
	at org.springframework.test.context.junit4.statements.RunBeforeTestClassCallbacks.evaluate(RunBeforeTestClassCallbacks.java:61)
	at org.springframework.test.context.junit4.statements.RunAfterTestClassCallbacks.evaluate(RunAfterTestClassCallbacks.java:70)
	at org.junit.runners.ParentRunner.run(ParentRunner.java:363)
	at org.springframework.test.context.junit4.SpringJUnit4ClassRunner.run(SpringJUnit4ClassRunner.java:190)
	at org.apache.maven.surefire.junit4.JUnit4Provider.execute(JUnit4Provider.java:365)
	at org.apache.maven.surefire.junit4.JUnit4Provider.executeWithRerun(JUnit4Provider.java:273)
	at org.apache.maven.surefire.junit4.JUnit4Provider.executeTestSet(JUnit4Provider.java:238)
	at org.apache.maven.surefire.junit4.JUnit4Provider.invoke(JUnit4Provider.java:159)
	at org.apache.maven.surefire.booter.ForkedBooter.invokeProviderInSameClassLoader(ForkedBooter.java:384)
	at org.apache.maven.surefire.booter.ForkedBooter.runSuitesInProcess(ForkedBooter.java:345)
	at org.apache.maven.surefire.booter.ForkedBooter.execute(ForkedBooter.java:126)
	at org.apache.maven.surefire.booter.ForkedBooter.main(ForkedBooter.java:418)
Caused by: org.springframework.beans.factory.UnsatisfiedDependencyException: Error creating bean with name 'merchantController': Unsatisfied dependency expressed through field 'smsService'; nested exception is org.springframework.beans.factory.BeanCreationException: Error creating bean with name 'smsServiceImpl': Injection of autowired dependencies failed; nested exception is java.lang.IllegalArgumentException: Could not resolve placeholder 'sms.url' in value "${sms.url}"
	at org.springframework.beans.factory.annotation.AutowiredAnnotationBeanPostProcessor$AutowiredFieldElement.inject(AutowiredAnnotationBeanPostProcessor.java:596)
	at org.springframework.beans.factory.annotation.InjectionMetadata.inject(InjectionMetadata.java:90)
	at org.springframework.beans.factory.annotation.AutowiredAnnotationBeanPostProcessor.postProcessProperties(AutowiredAnnotationBeanPostProcessor.java:374)
	at org.springframework.beans.factory.support.AbstractAutowireCapableBeanFactory.populateBean(AbstractAutowireCapableBeanFactory.java:1395)
	at org.springframework.beans.factory.support.AbstractAutowireCapableBeanFactory.doCreateBean(AbstractAutowireCapableBeanFactory.java:592)
	at org.springframework.beans.factory.support.AbstractAutowireCapableBeanFactory.createBean(AbstractAutowireCapableBeanFactory.java:515)
	at org.springframework.beans.factory.support.AbstractBeanFactory.lambda$doGetBean$0(AbstractBeanFactory.java:320)
	at org.springframework.beans.factory.support.DefaultSingletonBeanRegistry.getSingleton(DefaultSingletonBeanRegistry.java:222)
	at org.springframework.beans.factory.support.AbstractBeanFactory.doGetBean(AbstractBeanFactory.java:318)
	at org.springframework.beans.factory.support.AbstractBeanFactory.getBean(AbstractBeanFactory.java:199)
	at org.springframework.beans.factory.support.DefaultListableBeanFactory.preInstantiateSingletons(DefaultListableBeanFactory.java:849)
	at org.springframework.context.support.AbstractApplicationContext.finishBeanFactoryInitialization(AbstractApplicationContext.java:877)
	at org.springframework.context.support.AbstractApplicationContext.refresh(AbstractApplicationContext.java:549)
	at org.springframework.boot.SpringApplication.refresh(SpringApplication.java:775)
	at org.springframework.boot.SpringApplication.refreshContext(SpringApplication.java:397)
	at org.springframework.boot.SpringApplication.run(SpringApplication.java:316)
	at org.springframework.boot.test.context.SpringBootContextLoader.loadContext(SpringBootContextLoader.java:127)
	at org.springframework.test.context.cache.DefaultCacheAwareContextLoaderDelegate.loadContextInternal(DefaultCacheAwareContextLoaderDelegate.java:99)
	at org.springframework.test.context.cache.DefaultCacheAwareContextLoaderDelegate.loadContext(DefaultCacheAwareContextLoaderDelegate.java:117)
	... 27 more
Caused by: org.springframework.beans.factory.BeanCreationException: Error creating bean with name 'smsServiceImpl': Injection of autowired dependencies failed; nested exception is java.lang.IllegalArgumentException: Could not resolve placeholder 'sms.url' in value "${sms.url}"
	at org.springframework.beans.factory.annotation.AutowiredAnnotationBeanPostProcessor.postProcessProperties(AutowiredAnnotationBeanPostProcessor.java:380)
	at org.springframework.beans.factory.support.AbstractAutowireCapableBeanFactory.populateBean(AbstractAutowireCapableBeanFactory.java:1395)
	at org.springframework.beans.factory.support.AbstractAutowireCapableBeanFactory.doCreateBean(AbstractAutowireCapableBeanFactory.java:592)
	at org.springframework.beans.factory.support.AbstractAutowireCapableBeanFactory.createBean(AbstractAutowireCapableBeanFactory.java:515)
	at org.springframework.beans.factory.support.AbstractBeanFactory.lambda$doGetBean$0(AbstractBeanFactory.java:320)
	at org.springframework.beans.factory.support.DefaultSingletonBeanRegistry.getSingleton(DefaultSingletonBeanRegistry.java:222)
	at org.springframework.beans.factory.support.AbstractBeanFactory.doGetBean(AbstractBeanFactory.java:318)
	at org.springframework.beans.factory.support.AbstractBeanFactory.getBean(AbstractBeanFactory.java:199)
	at org.springframework.beans.factory.config.DependencyDescriptor.resolveCandidate(DependencyDescriptor.java:277)
	at org.springframework.beans.factory.support.DefaultListableBeanFactory.doResolveDependency(DefaultListableBeanFactory.java:1247)
	at org.springframework.beans.factory.support.DefaultListableBeanFactory.resolveDependency(DefaultListableBeanFactory.java:1167)
	at org.springframework.beans.factory.annotation.AutowiredAnnotationBeanPostProcessor$AutowiredFieldElement.inject(AutowiredAnnotationBeanPostProcessor.java:593)
	... 45 more
Caused by: java.lang.IllegalArgumentException: Could not resolve placeholder 'sms.url' in value "${sms.url}"
	at org.springframework.util.PropertyPlaceholderHelper.parseStringValue(PropertyPlaceholderHelper.java:172)
	at org.springframework.util.PropertyPlaceholderHelper.replacePlaceholders(PropertyPlaceholderHelper.java:124)
	at org.springframework.core.env.AbstractPropertyResolver.doResolvePlaceholders(AbstractPropertyResolver.java:237)
	at org.springframework.core.env.AbstractPropertyResolver.resolveRequiredPlaceholders(AbstractPropertyResolver.java:211)
	at org.springframework.context.support.PropertySourcesPlaceholderConfigurer.lambda$processProperties$0(PropertySourcesPlaceholderConfigurer.java:175)
	at org.springframework.beans.factory.support.AbstractBeanFactory.resolveEmbeddedValue(AbstractBeanFactory.java:851)
	at org.springframework.beans.factory.support.DefaultListableBeanFactory.doResolveDependency(DefaultListableBeanFactory.java:1188)
	at org.springframework.beans.factory.support.DefaultListableBeanFactory.resolveDependency(DefaultListableBeanFactory.java:1167)
	at org.springframework.beans.factory.annotation.AutowiredAnnotationBeanPostProcessor$AutowiredFieldElement.inject(AutowiredAnnotationBeanPostProcessor.java:593)
	at org.springframework.beans.factory.annotation.InjectionMetadata.inject(InjectionMetadata.java:90)
	at org.springframework.beans.factory.annotation.AutowiredAnnotationBeanPostProcessor.postProcessProperties(AutowiredAnnotationBeanPostProcessor.java:374)
	... 56 more
]]></system-out>
  </testcase>
</testsuite>